18-06-19 11:41:34.397 INFO  GEN  [main]: 
                     _____                  
      .'.       |  .~     ~.  |..          |
    .'   `.     | |         | |  ``..      |
  .''''''''`.   | |         | |      ``..  |
.'           `. |  `._____.'  |          ``|

                    NETWORK  v0.2.7.c3656b4


18-06-19 11:41:34.713 INFO  GEN  [main]: loaded block <num=413187, root=e96f8c38... l=32>
18-06-19 11:41:34.847 DEBUG P2P  [main]: handler route=256 v-c-a=0-1-0 name=ReqStatusHandler
18-06-19 11:41:34.847 DEBUG P2P  [main]: handler route=257 v-c-a=0-1-1 name=ResStatusHandler
18-06-19 11:41:34.847 DEBUG P2P  [main]: handler route=258 v-c-a=0-1-2 name=ReqBlocksHeadersHandler
18-06-19 11:41:34.848 DEBUG P2P  [main]: handler route=259 v-c-a=0-1-3 name=ResBlocksHeadersHandler
18-06-19 11:41:34.848 DEBUG P2P  [main]: handler route=260 v-c-a=0-1-4 name=ReqBlocksBodiesHandler
18-06-19 11:41:34.848 DEBUG P2P  [main]: handler route=261 v-c-a=0-1-5 name=ResBlocksBodiesHandler
18-06-19 11:41:34.849 DEBUG P2P  [main]: handler route=262 v-c-a=0-1-6 name=BroadcastTxHandler
18-06-19 11:41:34.849 DEBUG P2P  [main]: handler route=263 v-c-a=0-1-7 name=BroadcastNewBlockHandler
18-06-19 11:41:34.873 INFO  P2P  [sync-ss]: sync-status avg-import=0.00 b/s td=2554619777108/0 b-num=413187/0 b-hash=d04ca1d94107d735734cf6b83d74940977475f28026e28f31bdcd7421ac7fa9f/
18-06-19 11:41:34.984 DEBUG P2P  [p2p-ts]: 
======================================================================== p2p-status-c5886b =========================================================================
temp[  7] inbound[  0] outbound[  0] active[  0]                                         s - seed node, td - total difficulty, # - block number, bv - binary version

18-06-19 11:41:34.985 DEBUG P2P  [p2p-ts]: recv queue[0] send queue[0]
18-06-19 11:41:35.020 INFO  GEN  [main]: <node-started endpoint=p2p://c5886bee-7b38-4197-99cf-980954820cc4@0.0.0.0:30303>
18-06-19 11:41:35.038 INFO  CONS [main]: <sealing-disabled>
18-06-19 11:41:35.070 INFO  API  [main]: AionAPI Implementation Initiated
18-06-19 11:41:35.073 INFO  API  [zmq-api]: Starting Aion Api Server <port=8547>
18-06-19 11:41:35.224 INFO  API  [main]: <rpc-server - started on 127.0.0.1:8545>
18-06-19 11:41:36.014 DEBUG P2P  [p2p-tcp]: success-connect node-id=c33d10 ip=
18-06-19 11:41:36.015 DEBUG P2P  [p2p-tcp]: prepare-request-handshake -> id=c33d10 ip=13.92.155.115
18-06-19 11:41:36.065 DEBUG P2P  [p2p-in]: outbound -> active node-id=c33d10 ip=13.92.155.115
18-06-19 11:41:37.063 INFO  SYNC [sync-ib]: <import-status: node = c33d10, sync mode = NORMAL, hash = 1dff31, number = 413184, txs = 4, result = EXIST, time elapsed = 1 ms>
18-06-19 11:41:37.064 INFO  SYNC [sync-ib]: <import-status: node = c33d10, sync mode = NORMAL, hash = b3bfec, number = 413185, txs = 1, result = EXIST, time elapsed = 0 ms>
18-06-19 11:41:37.065 INFO  SYNC [sync-ib]: <import-status: node = c33d10, sync mode = NORMAL, hash = a7f658, number = 413186, txs = 4, result = EXIST, time elapsed = 0 ms>
18-06-19 11:41:37.065 INFO  SYNC [sync-ib]: <import-status: node = c33d10, sync mode = NORMAL, hash = d04ca1, number = 413187, txs = 2, result = EXIST, time elapsed = 0 ms>
18-06-19 11:41:37.108 DEBUG P2P  [p2p-tcp]: success-connect node-id=c33d22 ip=
18-06-19 11:41:37.109 DEBUG P2P  [p2p-tcp]: prepare-request-handshake -> id=c33d22 ip=51.144.42.220
18-06-19 11:41:37.127 INFO  SYNC [sync-ib]: <import-status: node = c33d10, sync mode = NORMAL, hash = 7f3708, number = 413188, txs = 0, result = IMPORTED_BEST, time elapsed = 62 ms>
18-06-19 11:41:37.142 INFO  SYNC [sync-ib]: <import-status: node = c33d10, sync mode = NORMAL, hash = fcc999, number = 413189, txs = 0, result = IMPORTED_BEST, time elapsed = 12 ms>
18-06-19 11:41:37.153 INFO  SYNC [sync-ib]: <import-status: node = c33d10, sync mode = NORMAL, hash = 41f803, number = 413190, txs = 0, result = IMPORTED_BEST, time elapsed = 11 ms>
18-06-19 11:41:37.242 INFO  SYNC [sync-ib]: <import-status: node = c33d10, sync mode = NORMAL, hash = 942f48, number = 413191, txs = 9, result = IMPORTED_BEST, time elapsed = 88 ms>
18-06-19 11:41:37.280 INFO  SYNC [sync-ib]: <import-status: node = c33d10, sync mode = NORMAL, hash = a83a79, number = 413192, txs = 8, result = IMPORTED_BEST, time elapsed = 37 ms>
18-06-19 11:41:37.288 DEBUG P2P  [p2p-in]: outbound -> active node-id=c33d22 ip=51.144.42.220
18-06-19 11:41:37.305 INFO  SYNC [sync-ib]: <import-status: node = c33d10, sync mode = NORMAL, hash = 43576b, number = 413193, txs = 4, result = IMPORTED_BEST, time elapsed = 24 ms>
18-06-19 11:41:37.309 INFO  SYNC [sync-ib]: <import-status: node = c33d10, sync mode = NORMAL, hash = 258ab7, number = 413194, txs = 0, result = IMPORTED_BEST, time elapsed = 3 ms>
18-06-19 11:41:37.316 INFO  SYNC [sync-ib]: <import-status: node = c33d10, sync mode = NORMAL, hash = 4ff85b, number = 413195, txs = 0, result = IMPORTED_BEST, time elapsed = 6 ms>
18-06-19 11:41:37.330 INFO  SYNC [sync-ib]: <import-status: node = c33d10, sync mode = NORMAL, hash = 6421f1, number = 413196, txs = 1, result = IMPORTED_BEST, time elapsed = 13 ms>
18-06-19 11:41:37.338 INFO  SYNC [sync-ib]: <import-status: node = c33d10, sync mode = NORMAL, hash = 3713ef, number = 413197, txs = 0, result = IMPORTED_BEST, time elapsed = 6 ms>
18-06-19 11:41:37.340 INFO  SYNC [sync-ib]: <import-status: node = c33d10, sync mode = NORMAL, hash = 8fd672, number = 413198, txs = 0, result = IMPORTED_BEST, time elapsed = 2 ms>
18-06-19 11:41:37.345 INFO  SYNC [sync-ib]: <import-status: node = c33d10, sync mode = NORMAL, hash = beedbe, number = 413199, txs = 0, result = IMPORTED_BEST, time elapsed = 3 ms>
18-06-19 11:41:37.350 INFO  SYNC [sync-ib]: <import-status: node = c33d10, sync mode = NORMAL, hash = 182be1, number = 413200, txs = 0, result = IMPORTED_BEST, time elapsed = 4 ms>
18-06-19 11:41:37.354 INFO  SYNC [sync-ib]: <import-status: node = c33d10, sync mode = NORMAL, hash = 910d95, number = 413201, txs = 0, result = IMPORTED_BEST, time elapsed = 3 ms>
18-06-19 11:41:37.356 INFO  SYNC [sync-ib]: <import-status: node = c33d10, sync mode = NORMAL, hash = 59c77b, number = 413202, txs = 0, result = IMPORTED_BEST, time elapsed = 1 ms>
18-06-19 11:41:37.359 INFO  SYNC [sync-ib]: <import-status: node = c33d10, sync mode = NORMAL, hash = 5b47f3, number = 413203, txs = 0, result = IMPORTED_BEST, time elapsed = 2 ms>
18-06-19 11:41:37.361 INFO  SYNC [sync-ib]: <import-status: node = c33d10, sync mode = NORMAL, hash = 8c0317, number = 413204, txs = 0, result = IMPORTED_BEST, time elapsed = 2 ms>
18-06-19 11:41:37.376 INFO  SYNC [sync-ib]: <import-status: node = c33d10, sync mode = NORMAL, hash = 522676, number = 413205, txs = 1, result = IMPORTED_BEST, time elapsed = 14 ms>
18-06-19 11:41:37.378 INFO  SYNC [sync-ib]: <import-status: node = c33d10, sync mode = NORMAL, hash = ec1547, number = 413206, txs = 0, result = IMPORTED_BEST, time elapsed = 2 ms>
18-06-19 11:41:37.386 INFO  SYNC [sync-ib]: <import-status: node = c33d10, sync mode = NORMAL, hash = 260150, number = 413207, txs = 0, result = IMPORTED_BEST, time elapsed = 6 ms>
18-06-19 11:41:38.315 DEBUG P2P  [p2p-tcp]: success-connect node-id=c33d30 ip=
18-06-19 11:41:38.316 DEBUG P2P  [p2p-tcp]: prepare-request-handshake -> id=c33d30 ip=52.231.187.227
18-06-19 11:41:38.963 INFO  SYNC [sync-ib]: <import-status: node = c33d10, sync mode = NORMAL, hash = d07116, number = 413208, txs = 0, result = IMPORTED_BEST, time elapsed = 1 ms>
18-06-19 11:41:38.982 INFO  SYNC [sync-ib]: <import-status: node = c33d10, sync mode = NORMAL, hash = d8f358, number = 413209, txs = 9, result = IMPORTED_BEST, time elapsed = 19 ms>
18-06-19 11:41:38.991 INFO  SYNC [sync-ib]: <import-status: node = c33d10, sync mode = NORMAL, hash = 9a581e, number = 413210, txs = 1, result = IMPORTED_BEST, time elapsed = 8 ms>
18-06-19 11:41:39.000 INFO  SYNC [sync-ib]: <import-status: node = c33d10, sync mode = NORMAL, hash = 78a072, number = 413211, txs = 4, result = IMPORTED_BEST, time elapsed = 9 ms>
18-06-19 11:41:39.004 INFO  SYNC [sync-ib]: <import-status: node = c33d10, sync mode = NORMAL, hash = bb4591, number = 413212, txs = 1, result = IMPORTED_BEST, time elapsed = 4 ms>
18-06-19 11:41:39.019 INFO  SYNC [sync-ib]: <import-status: node = c33d10, sync mode = NORMAL, hash = 609ba9, number = 413213, txs = 6, result = IMPORTED_BEST, time elapsed = 9 ms>
18-06-19 11:41:39.020 INFO  SYNC [sync-ib]: <import-status: node = c33d10, sync mode = NORMAL, hash = 70d882, number = 413214, txs = 0, result = IMPORTED_BEST, time elapsed = 1 ms>
18-06-19 11:41:39.022 INFO  SYNC [sync-ib]: <import-status: node = c33d10, sync mode = NORMAL, hash = da69c7, number = 413215, txs = 0, result = IMPORTED_BEST, time elapsed = 2 ms>
18-06-19 11:41:39.025 INFO  SYNC [sync-ib]: <import-status: node = c33d10, sync mode = NORMAL, hash = d165ec, number = 413216, txs = 0, result = IMPORTED_BEST, time elapsed = 3 ms>
18-06-19 11:41:39.036 INFO  SYNC [sync-ib]: <import-status: node = c33d10, sync mode = NORMAL, hash = 12995f, number = 413217, txs = 4, result = IMPORTED_BEST, time elapsed = 11 ms>
18-06-19 11:41:39.041 INFO  SYNC [sync-ib]: <import-status: node = c33d10, sync mode = NORMAL, hash = 65082b, number = 413218, txs = 2, result = IMPORTED_BEST, time elapsed = 5 ms>
18-06-19 11:41:39.061 INFO  SYNC [sync-ib]: <import-status: node = c33d10, sync mode = NORMAL, hash = f1ff04, number = 413219, txs = 10, result = IMPORTED_BEST, time elapsed = 20 ms>
18-06-19 11:41:39.070 INFO  SYNC [sync-ib]: <import-status: node = c33d10, sync mode = NORMAL, hash = 5bde69, number = 413220, txs = 4, result = IMPORTED_BEST, time elapsed = 8 ms>
18-06-19 11:41:39.075 INFO  SYNC [sync-ib]: <import-status: node = c33d10, sync mode = NORMAL, hash = fb040e, number = 413221, txs = 1, result = IMPORTED_BEST, time elapsed = 4 ms>
18-06-19 11:41:39.083 INFO  SYNC [sync-ib]: <import-status: node = c33d10, sync mode = NORMAL, hash = c071f4, number = 413222, txs = 5, result = IMPORTED_BEST, time elapsed = 8 ms>
18-06-19 11:41:39.102 INFO  SYNC [sync-ib]: <import-status: node = c33d10, sync mode = NORMAL, hash = 91341c, number = 413223, txs = 8, result = IMPORTED_BEST, time elapsed = 18 ms>
18-06-19 11:41:39.118 INFO  SYNC [sync-ib]: <import-status: node = c33d10, sync mode = NORMAL, hash = f7fc2c, number = 413224, txs = 10, result = IMPORTED_BEST, time elapsed = 15 ms>
18-06-19 11:41:39.127 INFO  SYNC [sync-ib]: <import-status: node = c33d10, sync mode = NORMAL, hash = 68c22b, number = 413225, txs = 2, result = IMPORTED_BEST, time elapsed = 9 ms>
18-06-19 11:41:39.134 INFO  SYNC [sync-ib]: <import-status: node = c33d10, sync mode = NORMAL, hash = 5ad826, number = 413226, txs = 1, result = IMPORTED_BEST, time elapsed = 5 ms>
18-06-19 11:41:39.136 INFO  SYNC [sync-ib]: <import-status: node = c33d10, sync mode = NORMAL, hash = 24f312, number = 413227, txs = 0, result = IMPORTED_BEST, time elapsed = 1 ms>
18-06-19 11:41:39.416 DEBUG P2P  [p2p-in]: outbound -> active node-id=c33d30 ip=52.231.187.227
18-06-19 11:41:39.445 DEBUG P2P  [p2p-tcp]: success-connect node-id=c33d4c ip=
18-06-19 11:41:39.445 DEBUG P2P  [p2p-tcp]: prepare-request-handshake -> id=c33d4c ip=191.232.164.119
18-06-19 11:41:39.581 DEBUG P2P  [p2p-in]: outbound -> active node-id=c33d4c ip=191.232.164.119
18-06-19 11:41:40.474 DEBUG P2P  [p2p-tcp]: success-connect node-id=c33d5a ip=
18-06-19 11:41:40.475 DEBUG P2P  [p2p-tcp]: prepare-request-handshake -> id=c33d5a ip=13.89.244.125
18-06-19 11:41:40.530 DEBUG P2P  [p2p-in]: outbound -> active node-id=c33d5a ip=13.89.244.125
18-06-19 11:41:40.964 INFO  SYNC [sync-ib]: <import-status: node = c33d10, sync mode = NORMAL, hash = 89a734, number = 413228, txs = 2, result = IMPORTED_BEST, time elapsed = 5 ms>
18-06-19 11:41:40.977 INFO  SYNC [sync-ib]: <import-status: node = c33d10, sync mode = NORMAL, hash = 1a204f, number = 413229, txs = 6, result = IMPORTED_BEST, time elapsed = 13 ms>
18-06-19 11:41:41.001 INFO  SYNC [sync-ib]: <import-status: node = c33d10, sync mode = NORMAL, hash = d11b97, number = 413230, txs = 12, result = IMPORTED_BEST, time elapsed = 23 ms>
18-06-19 11:41:41.007 INFO  SYNC [sync-ib]: <import-status: node = c33d10, sync mode = NORMAL, hash = 53cbec, number = 413231, txs = 1, result = IMPORTED_BEST, time elapsed = 3 ms>
18-06-19 11:41:41.011 INFO  SYNC [sync-ib]: <import-status: node = c33d10, sync mode = NORMAL, hash = 6288ae, number = 413232, txs = 2, result = IMPORTED_BEST, time elapsed = 4 ms>
18-06-19 11:41:41.014 INFO  SYNC [sync-ib]: <import-status: node = c33d10, sync mode = NORMAL, hash = c1c144, number = 413233, txs = 0, result = IMPORTED_BEST, time elapsed = 1 ms>
18-06-19 11:41:41.016 INFO  SYNC [sync-ib]: <import-status: node = c33d10, sync mode = NORMAL, hash = 7ade2b, number = 413234, txs = 0, result = IMPORTED_BEST, time elapsed = 1 ms>
18-06-19 11:41:41.018 INFO  SYNC [sync-ib]: <import-status: node = c33d10, sync mode = NORMAL, hash = 6f1a4b, number = 413235, txs = 0, result = IMPORTED_BEST, time elapsed = 2 ms>
18-06-19 11:41:41.019 INFO  SYNC [sync-ib]: <import-status: node = c33d10, sync mode = NORMAL, hash = 0a330c, number = 413236, txs = 0, result = IMPORTED_BEST, time elapsed = 1 ms>
18-06-19 11:41:41.030 INFO  SYNC [sync-ib]: <import-status: node = c33d10, sync mode = NORMAL, hash = 0e051b, number = 413237, txs = 6, result = IMPORTED_BEST, time elapsed = 10 ms>
18-06-19 11:41:41.032 INFO  SYNC [sync-ib]: <import-status: node = c33d10, sync mode = NORMAL, hash = 0f91d6, number = 413238, txs = 0, result = IMPORTED_BEST, time elapsed = 1 ms>
18-06-19 11:41:41.034 INFO  SYNC [sync-ib]: <import-status: node = c33d10, sync mode = NORMAL, hash = 679892, number = 413239, txs = 0, result = IMPORTED_BEST, time elapsed = 2 ms>
18-06-19 11:41:41.035 INFO  SYNC [sync-ib]: <import-status: node = c33d10, sync mode = NORMAL, hash = 890e67, number = 413240, txs = 0, result = IMPORTED_BEST, time elapsed = 1 ms>
18-06-19 11:41:41.036 INFO  SYNC [sync-ib]: <import-status: node = c33d10, sync mode = NORMAL, hash = 2e5b14, number = 413241, txs = 0, result = IMPORTED_BEST, time elapsed = 1 ms>
18-06-19 11:41:41.038 INFO  SYNC [sync-ib]: <import-status: node = c33d10, sync mode = NORMAL, hash = 39b890, number = 413242, txs = 0, result = IMPORTED_BEST, time elapsed = 1 ms>
18-06-19 11:41:41.039 INFO  SYNC [sync-ib]: <import-status: node = c33d10, sync mode = NORMAL, hash = 0987f3, number = 413243, txs = 0, result = IMPORTED_BEST, time elapsed = 1 ms>
18-06-19 11:41:41.041 INFO  SYNC [sync-ib]: <import-status: node = c33d10, sync mode = NORMAL, hash = fa97ea, number = 413244, txs = 0, result = IMPORTED_BEST, time elapsed = 2 ms>
18-06-19 11:41:41.043 INFO  SYNC [sync-ib]: <import-status: node = c33d10, sync mode = NORMAL, hash = bd7e94, number = 413245, txs = 0, result = IMPORTED_BEST, time elapsed = 2 ms>
18-06-19 11:41:41.044 INFO  SYNC [sync-ib]: <import-status: node = c33d10, sync mode = NORMAL, hash = 07447f, number = 413246, txs = 0, result = IMPORTED_BEST, time elapsed = 1 ms>
18-06-19 11:41:41.046 INFO  SYNC [sync-ib]: <import-status: node = c33d10, sync mode = NORMAL, hash = 5875c1, number = 413247, txs = 0, result = IMPORTED_BEST, time elapsed = 1 ms>
18-06-19 11:41:42.955 INFO  SYNC [sync-ib]: <import-status: node = c33d30, sync mode = NORMAL, hash = ba3cf4, number = 413248, txs = 1, result = IMPORTED_BEST, time elapsed = 4 ms>
18-06-19 11:41:42.961 INFO  SYNC [sync-ib]: <import-status: node = c33d30, sync mode = NORMAL, hash = c2cbfe, number = 413249, txs = 1, result = IMPORTED_BEST, time elapsed = 5 ms>
18-06-19 11:41:42.996 INFO  SYNC [sync-ib]: <import-status: node = c33d30, sync mode = NORMAL, hash = 53e3c5, number = 413250, txs = 11, result = IMPORTED_BEST, time elapsed = 34 ms>
18-06-19 11:41:43.013 INFO  SYNC [sync-ib]: <import-status: node = c33d30, sync mode = NORMAL, hash = a3a4d4, number = 413251, txs = 4, result = IMPORTED_BEST, time elapsed = 16 ms>
18-06-19 11:41:43.036 INFO  SYNC [sync-ib]: <import-status: node = c33d30, sync mode = NORMAL, hash = fe253e, number = 413252, txs = 7, result = IMPORTED_BEST, time elapsed = 23 ms>
18-06-19 11:41:43.039 INFO  SYNC [sync-ib]: <import-status: node = c33d30, sync mode = NORMAL, hash = a01784, number = 413253, txs = 0, result = IMPORTED_BEST, time elapsed = 3 ms>
18-06-19 11:41:43.041 INFO  SYNC [sync-ib]: <import-status: node = c33d30, sync mode = NORMAL, hash = 3921c6, number = 413254, txs = 0, result = IMPORTED_BEST, time elapsed = 1 ms>
18-06-19 11:41:43.044 INFO  SYNC [sync-ib]: <import-status: node = c33d30, sync mode = NORMAL, hash = 85aac6, number = 413255, txs = 0, result = IMPORTED_BEST, time elapsed = 2 ms>
18-06-19 11:41:43.046 INFO  SYNC [sync-ib]: <import-status: node = c33d30, sync mode = NORMAL, hash = 996848, number = 413256, txs = 0, result = IMPORTED_BEST, time elapsed = 2 ms>
18-06-19 11:41:43.049 INFO  SYNC [sync-ib]: <import-status: node = c33d30, sync mode = NORMAL, hash = 8c91b3, number = 413257, txs = 1, result = IMPORTED_BEST, time elapsed = 3 ms>
18-06-19 11:41:43.050 INFO  SYNC [sync-ib]: <import-status: node = c33d30, sync mode = NORMAL, hash = 329711, number = 413258, txs = 0, result = IMPORTED_BEST, time elapsed = 1 ms>
18-06-19 11:41:43.055 INFO  SYNC [sync-ib]: <import-status: node = c33d30, sync mode = NORMAL, hash = 431c1c, number = 413259, txs = 0, result = IMPORTED_BEST, time elapsed = 4 ms>
18-06-19 11:41:43.056 INFO  SYNC [sync-ib]: <import-status: node = c33d30, sync mode = NORMAL, hash = 529850, number = 413260, txs = 0, result = IMPORTED_BEST, time elapsed = 1 ms>
18-06-19 11:41:43.059 INFO  SYNC [sync-ib]: <import-status: node = c33d30, sync mode = NORMAL, hash = fa2608, number = 413261, txs = 0, result = IMPORTED_BEST, time elapsed = 2 ms>
18-06-19 11:41:43.064 INFO  SYNC [sync-ib]: <import-status: node = c33d30, sync mode = NORMAL, hash = dd5683, number = 413262, txs = 3, result = IMPORTED_BEST, time elapsed = 5 ms>
18-06-19 11:41:43.066 INFO  SYNC [sync-ib]: <import-status: node = c33d30, sync mode = NORMAL, hash = 79ad1e, number = 413263, txs = 0, result = IMPORTED_BEST, time elapsed = 2 ms>
18-06-19 11:41:43.067 INFO  SYNC [sync-ib]: <import-status: node = c33d30, sync mode = NORMAL, hash = b5fe17, number = 413264, txs = 0, result = IMPORTED_BEST, time elapsed = 1 ms>
18-06-19 11:41:43.071 INFO  SYNC [sync-ib]: <import-status: node = c33d30, sync mode = NORMAL, hash = 148341, number = 413265, txs = 0, result = IMPORTED_BEST, time elapsed = 4 ms>
18-06-19 11:41:43.073 INFO  SYNC [sync-ib]: <import-status: node = c33d30, sync mode = NORMAL, hash = 61aeea, number = 413266, txs = 0, result = IMPORTED_BEST, time elapsed = 1 ms>
18-06-19 11:41:43.074 INFO  SYNC [sync-ib]: <import-status: node = c33d30, sync mode = NORMAL, hash = 466e30, number = 413267, txs = 0, result = IMPORTED_BEST, time elapsed = 0 ms>
18-06-19 11:41:43.682 INFO  SYNC [sync-ib]: <import-status: node = c33d10, sync mode = NORMAL, hash = 9a6180, number = 413268, txs = 4, result = IMPORTED_BEST, time elapsed = 12 ms>
18-06-19 11:41:43.687 INFO  SYNC [sync-ib]: <import-status: node = c33d10, sync mode = NORMAL, hash = aade7d, number = 413269, txs = 0, result = IMPORTED_BEST, time elapsed = 4 ms>
18-06-19 11:41:43.691 INFO  SYNC [sync-ib]: <import-status: node = c33d10, sync mode = NORMAL, hash = 2d852a, number = 413270, txs = 0, result = IMPORTED_BEST, time elapsed = 3 ms>
18-06-19 11:41:43.695 INFO  SYNC [sync-ib]: <import-status: node = c33d10, sync mode = NORMAL, hash = bde673, number = 413271, txs = 0, result = IMPORTED_BEST, time elapsed = 4 ms>
18-06-19 11:41:43.705 INFO  SYNC [sync-ib]: <import-status: node = c33d10, sync mode = NORMAL, hash = d1410b, number = 413272, txs = 1, result = IMPORTED_BEST, time elapsed = 9 ms>
18-06-19 11:41:43.716 INFO  SYNC [sync-ib]: <import-status: node = c33d10, sync mode = NORMAL, hash = df5d47, number = 413273, txs = 0, result = IMPORTED_BEST, time elapsed = 11 ms>
18-06-19 11:41:43.720 INFO  SYNC [sync-ib]: <import-status: node = c33d10, sync mode = NORMAL, hash = b64c81, number = 413274, txs = 0, result = IMPORTED_BEST, time elapsed = 4 ms>
18-06-19 11:41:43.726 INFO  SYNC [sync-ib]: <import-status: node = c33d10, sync mode = NORMAL, hash = e6b5e1, number = 413275, txs = 1, result = IMPORTED_BEST, time elapsed = 6 ms>
18-06-19 11:41:43.729 INFO  SYNC [sync-ib]: <import-status: node = c33d10, sync mode = NORMAL, hash = d389c6, number = 413276, txs = 0, result = IMPORTED_BEST, time elapsed = 2 ms>
18-06-19 11:41:43.732 INFO  SYNC [sync-ib]: <import-status: node = c33d10, sync mode = NORMAL, hash = a93209, number = 413277, txs = 0, result = IMPORTED_BEST, time elapsed = 2 ms>
18-06-19 11:41:43.735 INFO  SYNC [sync-ib]: <import-status: node = c33d10, sync mode = NORMAL, hash = 51bf59, number = 413278, txs = 0, result = IMPORTED_BEST, time elapsed = 2 ms>
18-06-19 11:41:43.738 INFO  SYNC [sync-ib]: <import-status: node = c33d10, sync mode = NORMAL, hash = 4e9b2b, number = 413279, txs = 0, result = IMPORTED_BEST, time elapsed = 3 ms>
18-06-19 11:41:43.741 INFO  SYNC [sync-ib]: <import-status: node = c33d10, sync mode = NORMAL, hash = 984fcd, number = 413280, txs = 0, result = IMPORTED_BEST, time elapsed = 1 ms>
18-06-19 11:41:43.743 INFO  SYNC [sync-ib]: <import-status: node = c33d10, sync mode = NORMAL, hash = b60def, number = 413281, txs = 0, result = IMPORTED_BEST, time elapsed = 2 ms>
18-06-19 11:41:43.747 INFO  SYNC [sync-ib]: <import-status: node = c33d10, sync mode = NORMAL, hash = c2ff85, number = 413282, txs = 1, result = IMPORTED_BEST, time elapsed = 4 ms>
18-06-19 11:41:43.754 INFO  SYNC [sync-ib]: <import-status: node = c33d10, sync mode = NORMAL, hash = cd7078, number = 413283, txs = 0, result = IMPORTED_BEST, time elapsed = 6 ms>
18-06-19 11:41:43.758 INFO  SYNC [sync-ib]: <import-status: node = c33d10, sync mode = NORMAL, hash = ae2f2b, number = 413284, txs = 1, result = IMPORTED_BEST, time elapsed = 3 ms>
18-06-19 11:41:43.764 INFO  SYNC [sync-ib]: <import-status: node = c33d10, sync mode = NORMAL, hash = 203fc9, number = 413285, txs = 0, result = IMPORTED_BEST, time elapsed = 6 ms>
18-06-19 11:41:43.766 INFO  SYNC [sync-ib]: <import-status: node = c33d10, sync mode = NORMAL, hash = 3b9366, number = 413286, txs = 0, result = IMPORTED_BEST, time elapsed = 1 ms>
18-06-19 11:41:43.768 INFO  SYNC [sync-ib]: <import-status: node = c33d10, sync mode = NORMAL, hash = dfbdd6, number = 413287, txs = 0, result = IMPORTED_BEST, time elapsed = 1 ms>
18-06-19 11:41:44.883 INFO  P2P  [sync-ss]: sync-status avg-import=11.12 b/s td=2555855732693/3141682931402 b-num=413287/465803 b-hash=dfbdd6457e433f2ee8f008f94f2f720b7ddf61746443d0939e60768d77df91ce/f97cad211c3433f1fa9cd018a9689026f159e73310404459e29df5e0301132c7
18-06-19 11:41:44.972 INFO  SYNC [sync-ib]: <import-status: node = c33d10, sync mode = NORMAL, hash = 90fb0d, number = 413288, txs = 1, result = IMPORTED_BEST, time elapsed = 6 ms>
18-06-19 11:41:44.988 INFO  SYNC [sync-ib]: <import-status: node = c33d10, sync mode = NORMAL, hash = bb3444, number = 413289, txs = 6, result = IMPORTED_BEST, time elapsed = 16 ms>
18-06-19 11:41:44.989 DEBUG P2P  [p2p-ts]: 
======================================================================== p2p-status-c5886b =========================================================================
temp[128] inbound[  0] outbound[  0] active[  5]                                         s - seed node, td - total difficulty, # - block number, bv - binary version

          s               td          #                                                             hash              ip  port     conn              bv           ci
--------------------------------------------------------------------------------------------------------------------------------------------------------------------
id:c33d10 y    3141682931402     465803 f97cad211c3433f1fa9cd018a9689026f159e73310404459e29df5e0301132c7   13.92.155.115 30303 outbound   0.2.7.93c7da6   2101379423
id:c33d5a y    3141682931402     465803 f97cad211c3433f1fa9cd018a9689026f159e73310404459e29df5e0301132c7   13.89.244.125 30303 outbound  0.2.8.ef5df39c    478270943
id:c33d22 y    3141682931402     465803 f97cad211c3433f1fa9cd018a9689026f159e73310404459e29df5e0301132c7   51.144.42.220 30303 outbound   0.2.7.93c7da6   1291279232
id:c33d4c y    3141682931402     465803 f97cad211c3433f1fa9cd018a9689026f159e73310404459e29df5e0301132c7 191.232.164.119 30303 outbound   0.2.7.93c7da6   1692160429
id:c33d30 y    3141682931402     465803 f97cad211c3433f1fa9cd018a9689026f159e73310404459e29df5e0301132c7  52.231.187.227 30303 outbound  0.2.8.ef5df39c    493846032

18-06-19 11:41:44.989 DEBUG P2P  [p2p-ts]: recv queue[0] send queue[0]
18-06-19 11:41:44.990 INFO  SYNC [sync-ib]: <import-status: node = c33d10, sync mode = NORMAL, hash = 01ae2a, number = 413290, txs = 0, result = IMPORTED_BEST, time elapsed = 2 ms>
18-06-19 11:41:44.993 INFO  SYNC [sync-ib]: <import-status: node = c33d10, sync mode = NORMAL, hash = ad0eef, number = 413291, txs = 0, result = IMPORTED_BEST, time elapsed = 2 ms>
18-06-19 11:41:44.995 INFO  SYNC [sync-ib]: <import-status: node = c33d10, sync mode = NORMAL, hash = c78029, number = 413292, txs = 0, result = IMPORTED_BEST, time elapsed = 2 ms>
18-06-19 11:41:45.003 INFO  SYNC [sync-ib]: <import-status: node = c33d10, sync mode = NORMAL, hash = 629a6c, number = 413293, txs = 1, result = IMPORTED_BEST, time elapsed = 8 ms>
18-06-19 11:41:45.017 INFO  SYNC [sync-ib]: <import-status: node = c33d10, sync mode = NORMAL, hash = e5b397, number = 413294, txs = 10, result = IMPORTED_BEST, time elapsed = 14 ms>
18-06-19 11:41:45.025 INFO  SYNC [sync-ib]: <import-status: node = c33d10, sync mode = NORMAL, hash = d3af9e, number = 413295, txs = 11, result = IMPORTED_BEST, time elapsed = 8 ms>
18-06-19 11:41:45.029 INFO  SYNC [sync-ib]: <import-status: node = c33d10, sync mode = NORMAL, hash = 585a20, number = 413296, txs = 1, result = IMPORTED_BEST, time elapsed = 3 ms>
18-06-19 11:41:45.030 INFO  SYNC [sync-ib]: <import-status: node = c33d10, sync mode = NORMAL, hash = 30bb7f, number = 413297, txs = 0, result = IMPORTED_BEST, time elapsed = 1 ms>
18-06-19 11:41:45.031 INFO  SYNC [sync-ib]: <import-status: node = c33d10, sync mode = NORMAL, hash = 98f317, number = 413298, txs = 0, result = IMPORTED_BEST, time elapsed = 1 ms>
18-06-19 11:41:45.032 INFO  SYNC [sync-ib]: <import-status: node = c33d10, sync mode = NORMAL, hash = 9aee15, number = 413299, txs = 0, result = IMPORTED_BEST, time elapsed = 1 ms>
18-06-19 11:41:45.034 INFO  SYNC [sync-ib]: <import-status: node = c33d10, sync mode = NORMAL, hash = e08ae8, number = 413300, txs = 0, result = IMPORTED_BEST, time elapsed = 1 ms>
18-06-19 11:41:45.035 INFO  SYNC [sync-ib]: <import-status: node = c33d10, sync mode = NORMAL, hash = bd8a36, number = 413301, txs = 0, result = IMPORTED_BEST, time elapsed = 1 ms>
18-06-19 11:41:45.036 INFO  SYNC [sync-ib]: <import-status: node = c33d10, sync mode = NORMAL, hash = 16ed00, number = 413302, txs = 0, result = IMPORTED_BEST, time elapsed = 1 ms>
18-06-19 11:41:45.038 INFO  SYNC [sync-ib]: <import-status: node = c33d10, sync mode = NORMAL, hash = 0a8dca, number = 413303, txs = 0, result = IMPORTED_BEST, time elapsed = 1 ms>
18-06-19 11:41:45.039 INFO  SYNC [sync-ib]: <import-status: node = c33d10, sync mode = NORMAL, hash = d4dd51, number = 413304, txs = 0, result = IMPORTED_BEST, time elapsed = 1 ms>
18-06-19 11:41:45.041 INFO  SYNC [sync-ib]: <import-status: node = c33d10, sync mode = NORMAL, hash = 3c0073, number = 413305, txs = 1, result = IMPORTED_BEST, time elapsed = 2 ms>
18-06-19 11:41:45.045 INFO  SYNC [sync-ib]: <import-status: node = c33d10, sync mode = NORMAL, hash = f3f2a3, number = 413306, txs = 2, result = IMPORTED_BEST, time elapsed = 4 ms>
18-06-19 11:41:45.048 INFO  SYNC [sync-ib]: <import-status: node = c33d10, sync mode = NORMAL, hash = a9cf2a, number = 413307, txs = 1, result = IMPORTED_BEST, time elapsed = 3 ms>
18-06-19 11:41:45.241 INFO  SYNC [sync-ib]: <import-status: node = c33d10, sync mode = NORMAL, hash = b19641, number = 413308, txs = 18, result = IMPORTED_BEST, time elapsed = 13 ms>
18-06-19 11:41:45.243 INFO  SYNC [sync-ib]: <import-status: node = c33d10, sync mode = NORMAL, hash = bb9e78, number = 413309, txs = 0, result = IMPORTED_BEST, time elapsed = 2 ms>
18-06-19 11:41:45.245 INFO  SYNC [sync-ib]: <import-status: node = c33d10, sync mode = NORMAL, hash = 197c36, number = 413310, txs = 0, result = IMPORTED_BEST, time elapsed = 2 ms>
18-06-19 11:41:45.246 INFO  SYNC [sync-ib]: <import-status: node = c33d10, sync mode = NORMAL, hash = fa122e, number = 413311, txs = 0, result = IMPORTED_BEST, time elapsed = 1 ms>
18-06-19 11:41:45.247 INFO  SYNC [sync-ib]: <import-status: node = c33d10, sync mode = NORMAL, hash = 311357, number = 413312, txs = 0, result = IMPORTED_BEST, time elapsed = 1 ms>
18-06-19 11:41:45.248 INFO  SYNC [sync-ib]: <import-status: node = c33d10, sync mode = NORMAL, hash = 7c9521, number = 413313, txs = 0, result = IMPORTED_BEST, time elapsed = 1 ms>
18-06-19 11:41:45.250 INFO  SYNC [sync-ib]: <import-status: node = c33d10, sync mode = NORMAL, hash = 712cf8, number = 413314, txs = 1, result = IMPORTED_BEST, time elapsed = 2 ms>
18-06-19 11:41:45.253 INFO  SYNC [sync-ib]: <import-status: node = c33d10, sync mode = NORMAL, hash = 16c775, number = 413315, txs = 1, result = IMPORTED_BEST, time elapsed = 3 ms>
18-06-19 11:41:45.255 INFO  SYNC [sync-ib]: <import-status: node = c33d10, sync mode = NORMAL, hash = ac37f5, number = 413316, txs = 0, result = IMPORTED_BEST, time elapsed = 1 ms>
18-06-19 11:41:45.257 INFO  SYNC [sync-ib]: <import-status: node = c33d10, sync mode = NORMAL, hash = 52eb77, number = 413317, txs = 0, result = IMPORTED_BEST, time elapsed = 1 ms>
18-06-19 11:41:45.259 INFO  SYNC [sync-ib]: <import-status: node = c33d10, sync mode = NORMAL, hash = 1a5079, number = 413318, txs = 0, result = IMPORTED_BEST, time elapsed = 2 ms>
18-06-19 11:41:45.260 INFO  SYNC [sync-ib]: <import-status: node = c33d10, sync mode = NORMAL, hash = b1546b, number = 413319, txs = 0, result = IMPORTED_BEST, time elapsed = 1 ms>
18-06-19 11:41:45.262 INFO  SYNC [sync-ib]: <import-status: node = c33d10, sync mode = NORMAL, hash = fa6e25, number = 413320, txs = 0, result = IMPORTED_BEST, time elapsed = 1 ms>
18-06-19 11:41:45.273 INFO  SYNC [sync-ib]: <import-status: node = c33d10, sync mode = NORMAL, hash = b8a542, number = 413321, txs = 11, result = IMPORTED_BEST, time elapsed = 11 ms>
18-06-19 11:41:45.281 INFO  SYNC [sync-ib]: <import-status: node = c33d10, sync mode = NORMAL, hash = 213bea, number = 413322, txs = 4, result = IMPORTED_BEST, time elapsed = 7 ms>
18-06-19 11:41:45.288 INFO  SYNC [sync-ib]: <import-status: node = c33d10, sync mode = NORMAL, hash = 0df696, number = 413323, txs = 4, result = IMPORTED_BEST, time elapsed = 7 ms>
18-06-19 11:41:45.291 INFO  SYNC [sync-ib]: <import-status: node = c33d10, sync mode = NORMAL, hash = 78a791, number = 413324, txs = 1, result = IMPORTED_BEST, time elapsed = 3 ms>
18-06-19 11:41:45.298 INFO  SYNC [sync-ib]: <import-status: node = c33d10, sync mode = NORMAL, hash = d41991, number = 413325, txs = 4, result = IMPORTED_BEST, time elapsed = 6 ms>
18-06-19 11:41:45.303 INFO  SYNC [sync-ib]: <import-status: node = c33d10, sync mode = NORMAL, hash = 88976e, number = 413326, txs = 2, result = IMPORTED_BEST, time elapsed = 5 ms>
18-06-19 11:41:45.314 INFO  SYNC [sync-ib]: <import-status: node = c33d10, sync mode = NORMAL, hash = e22b96, number = 413327, txs = 9, result = IMPORTED_BEST, time elapsed = 10 ms>
18-06-19 11:41:47.075 INFO  SYNC [sync-ib]: <import-status: node = c33d10, sync mode = NORMAL, hash = 5b1a6c, number = 413328, txs = 5, result = IMPORTED_BEST, time elapsed = 7 ms>
18-06-19 11:41:47.085 INFO  SYNC [sync-ib]: <import-status: node = c33d10, sync mode = NORMAL, hash = 6e4b06, number = 413329, txs = 11, result = IMPORTED_BEST, time elapsed = 10 ms>
18-06-19 11:41:47.086 INFO  SYNC [sync-ib]: <import-status: node = c33d10, sync mode = NORMAL, hash = 25943f, number = 413330, txs = 0, result = IMPORTED_BEST, time elapsed = 1 ms>
18-06-19 11:41:47.091 INFO  SYNC [sync-ib]: <import-status: node = c33d10, sync mode = NORMAL, hash = 6069a7, number = 413331, txs = 6, result = IMPORTED_BEST, time elapsed = 4 ms>
18-06-19 11:41:47.104 INFO  SYNC [sync-ib]: <import-status: node = c33d10, sync mode = NORMAL, hash = 60f1d1, number = 413332, txs = 17, result = IMPORTED_BEST, time elapsed = 12 ms>
18-06-19 11:41:47.106 INFO  SYNC [sync-ib]: <import-status: node = c33d10, sync mode = NORMAL, hash = 8ae89b, number = 413333, txs = 0, result = IMPORTED_BEST, time elapsed = 1 ms>
18-06-19 11:41:47.110 INFO  SYNC [sync-ib]: <import-status: node = c33d10, sync mode = NORMAL, hash = 1a26ee, number = 413334, txs = 3, result = IMPORTED_BEST, time elapsed = 4 ms>
18-06-19 11:41:47.119 INFO  SYNC [sync-ib]: <import-status: node = c33d10, sync mode = NORMAL, hash = 9e3af9, number = 413335, txs = 11, result = IMPORTED_BEST, time elapsed = 9 ms>
18-06-19 11:41:47.121 INFO  SYNC [sync-ib]: <import-status: node = c33d10, sync mode = NORMAL, hash = f3e56f, number = 413336, txs = 1, result = IMPORTED_BEST, time elapsed = 2 ms>
18-06-19 11:41:47.126 INFO  SYNC [sync-ib]: <import-status: node = c33d10, sync mode = NORMAL, hash = d1c331, number = 413337, txs = 5, result = IMPORTED_BEST, time elapsed = 4 ms>
18-06-19 11:41:47.146 INFO  SYNC [sync-ib]: <import-status: node = c33d10, sync mode = NORMAL, hash = 2ea9d6, number = 413338, txs = 2, result = IMPORTED_BEST, time elapsed = 19 ms>
18-06-19 11:41:47.147 INFO  SYNC [sync-ib]: <import-status: node = c33d10, sync mode = NORMAL, hash = 78328b, number = 413339, txs = 0, result = IMPORTED_BEST, time elapsed = 1 ms>
18-06-19 11:41:47.149 INFO  SYNC [sync-ib]: <import-status: node = c33d10, sync mode = NORMAL, hash = 5ffcc9, number = 413340, txs = 0, result = IMPORTED_BEST, time elapsed = 2 ms>
18-06-19 11:41:47.150 INFO  SYNC [sync-ib]: <import-status: node = c33d10, sync mode = NORMAL, hash = 435592, number = 413341, txs = 0, result = IMPORTED_BEST, time elapsed = 1 ms>
18-06-19 11:41:47.152 INFO  SYNC [sync-ib]: <import-status: node = c33d10, sync mode = NORMAL, hash = cd138f, number = 413342, txs = 0, result = IMPORTED_BEST, time elapsed = 1 ms>
18-06-19 11:41:47.160 INFO  SYNC [sync-ib]: <import-status: node = c33d10, sync mode = NORMAL, hash = 45792d, number = 413343, txs = 7, result = IMPORTED_BEST, time elapsed = 8 ms>
18-06-19 11:41:47.161 INFO  SYNC [sync-ib]: <import-status: node = c33d10, sync mode = NORMAL, hash = b5fe17, number = 413344, txs = 0, result = IMPORTED_BEST, time elapsed = 1 ms>
18-06-19 11:41:47.162 INFO  SYNC [sync-ib]: <import-status: node = c33d10, sync mode = NORMAL, hash = c3f78e, number = 413345, txs = 0, result = IMPORTED_BEST, time elapsed = 1 ms>
18-06-19 11:41:47.164 INFO  SYNC [sync-ib]: <import-status: node = c33d10, sync mode = NORMAL, hash = fe3d4c, number = 413346, txs = 0, result = IMPORTED_BEST, time elapsed = 1 ms>
18-06-19 11:41:47.167 INFO  SYNC [sync-ib]: <import-status: node = c33d10, sync mode = NORMAL, hash = bf0222, number = 413347, txs = 0, result = IMPORTED_BEST, time elapsed = 3 ms>
18-06-19 11:41:47.645 INFO  SYNC [sync-ib]: <import-status: node = c33d10, sync mode = NORMAL, hash = 5b5785, number = 413348, txs = 0, result = IMPORTED_BEST, time elapsed = 1 ms>
18-06-19 11:41:47.646 INFO  SYNC [sync-ib]: <import-status: node = c33d10, sync mode = NORMAL, hash = 4b7eb7, number = 413349, txs = 0, result = IMPORTED_BEST, time elapsed = 1 ms>
18-06-19 11:41:47.647 INFO  SYNC [sync-ib]: <import-status: node = c33d10, sync mode = NORMAL, hash = c74dd5, number = 413350, txs = 0, result = IMPORTED_BEST, time elapsed = 1 ms>
18-06-19 11:41:47.649 INFO  SYNC [sync-ib]: <import-status: node = c33d10, sync mode = NORMAL, hash = b0b550, number = 413351, txs = 1, result = IMPORTED_BEST, time elapsed = 2 ms>
18-06-19 11:41:47.651 INFO  SYNC [sync-ib]: <import-status: node = c33d10, sync mode = NORMAL, hash = aa6fff, number = 413352, txs = 0, result = IMPORTED_BEST, time elapsed = 1 ms>
18-06-19 11:41:47.652 INFO  SYNC [sync-ib]: <import-status: node = c33d10, sync mode = NORMAL, hash = 0f56cf, number = 413353, txs = 0, result = IMPORTED_BEST, time elapsed = 1 ms>
18-06-19 11:41:47.653 INFO  SYNC [sync-ib]: <import-status: node = c33d10, sync mode = NORMAL, hash = c42ba0, number = 413354, txs = 0, result = IMPORTED_BEST, time elapsed = 1 ms>
18-06-19 11:41:47.655 INFO  SYNC [sync-ib]: <import-status: node = c33d10, sync mode = NORMAL, hash = 4e0139, number = 413355, txs = 0, result = IMPORTED_BEST, time elapsed = 1 ms>
18-06-19 11:41:47.656 INFO  SYNC [sync-ib]: <import-status: node = c33d10, sync mode = NORMAL, hash = 540541, number = 413356, txs = 0, result = IMPORTED_BEST, time elapsed = 1 ms>
18-06-19 11:41:47.659 INFO  SYNC [sync-ib]: <import-status: node = c33d10, sync mode = NORMAL, hash = 671e4c, number = 413357, txs = 2, result = IMPORTED_BEST, time elapsed = 3 ms>
18-06-19 11:41:47.660 INFO  SYNC [sync-ib]: <import-status: node = c33d10, sync mode = NORMAL, hash = 6e6de9, number = 413358, txs = 0, result = IMPORTED_BEST, time elapsed = 1 ms>
18-06-19 11:41:47.668 INFO  SYNC [sync-ib]: <import-status: node = c33d10, sync mode = NORMAL, hash = 0a3d1a, number = 413359, txs = 6, result = IMPORTED_BEST, time elapsed = 6 ms>
18-06-19 11:41:47.678 INFO  SYNC [sync-ib]: <import-status: node = c33d10, sync mode = NORMAL, hash = 48f63c, number = 413360, txs = 14, result = IMPORTED_BEST, time elapsed = 10 ms>
18-06-19 11:41:47.680 INFO  SYNC [sync-ib]: <import-status: node = c33d10, sync mode = NORMAL, hash = 78c480, number = 413361, txs = 1, result = IMPORTED_BEST, time elapsed = 2 ms>
18-06-19 11:41:47.682 INFO  SYNC [sync-ib]: <import-status: node = c33d10, sync mode = NORMAL, hash = 304538, number = 413362, txs = 1, result = IMPORTED_BEST, time elapsed = 2 ms>
18-06-19 11:41:47.685 INFO  SYNC [sync-ib]: <import-status: node = c33d10, sync mode = NORMAL, hash = 5302f0, number = 413363, txs = 3, result = IMPORTED_BEST, time elapsed = 3 ms>
18-06-19 11:41:47.694 INFO  SYNC [sync-ib]: <import-status: node = c33d10, sync mode = NORMAL, hash = 13c644, number = 413364, txs = 14, result = IMPORTED_BEST, time elapsed = 7 ms>
18-06-19 11:41:47.697 INFO  SYNC [sync-ib]: <import-status: node = c33d10, sync mode = NORMAL, hash = 96ec47, number = 413365, txs = 2, result = IMPORTED_BEST, time elapsed = 3 ms>
18-06-19 11:41:47.700 INFO  SYNC [sync-ib]: <import-status: node = c33d10, sync mode = NORMAL, hash = 363f0d, number = 413366, txs = 2, result = IMPORTED_BEST, time elapsed = 3 ms>
18-06-19 11:41:47.701 INFO  SYNC [sync-ib]: <import-status: node = c33d10, sync mode = NORMAL, hash = e0cd2f, number = 413367, txs = 0, result = IMPORTED_BEST, time elapsed = 1 ms>
18-06-19 11:41:49.059 INFO  SYNC [sync-ib]: <import-status: node = c33d5a, sync mode = NORMAL, hash = 335d43, number = 413368, txs = 0, result = IMPORTED_BEST, time elapsed = 3 ms>
18-06-19 11:41:49.063 INFO  SYNC [sync-ib]: <import-status: node = c33d5a, sync mode = NORMAL, hash = 3d74f9, number = 413369, txs = 1, result = IMPORTED_BEST, time elapsed = 4 ms>
18-06-19 11:41:49.066 INFO  SYNC [sync-ib]: <import-status: node = c33d5a, sync mode = NORMAL, hash = 172bd6, number = 413370, txs = 0, result = IMPORTED_BEST, time elapsed = 3 ms>
18-06-19 11:41:49.096 INFO  SYNC [sync-ib]: <import-status: node = c33d5a, sync mode = NORMAL, hash = f21db5, number = 413371, txs = 11, result = IMPORTED_BEST, time elapsed = 30 ms>
18-06-19 11:41:49.103 INFO  SYNC [sync-ib]: <import-status: node = c33d5a, sync mode = NORMAL, hash = 60b434, number = 413372, txs = 5, result = IMPORTED_BEST, time elapsed = 7 ms>
18-06-19 11:41:49.117 INFO  SYNC [sync-ib]: <import-status: node = c33d5a, sync mode = NORMAL, hash = 493b8f, number = 413373, txs = 4, result = IMPORTED_BEST, time elapsed = 14 ms>
18-06-19 11:41:49.125 INFO  SYNC [sync-ib]: <import-status: node = c33d5a, sync mode = NORMAL, hash = 17b10b, number = 413374, txs = 6, result = IMPORTED_BEST, time elapsed = 8 ms>
18-06-19 11:41:49.134 INFO  SYNC [sync-ib]: <import-status: node = c33d5a, sync mode = NORMAL, hash = 4fdcbd, number = 413375, txs = 13, result = IMPORTED_BEST, time elapsed = 8 ms>
18-06-19 11:41:49.138 INFO  SYNC [sync-ib]: <import-status: node = c33d5a, sync mode = NORMAL, hash = 5c742b, number = 413376, txs = 4, result = IMPORTED_BEST, time elapsed = 4 ms>
18-06-19 11:41:49.143 INFO  SYNC [sync-ib]: <import-status: node = c33d5a, sync mode = NORMAL, hash = 29172b, number = 413377, txs = 7, result = IMPORTED_BEST, time elapsed = 5 ms>
18-06-19 11:41:49.144 INFO  SYNC [sync-ib]: <import-status: node = c33d5a, sync mode = NORMAL, hash = 01b6bf, number = 413378, txs = 1, result = IMPORTED_BEST, time elapsed = 1 ms>
18-06-19 11:41:49.147 INFO  SYNC [sync-ib]: <import-status: node = c33d5a, sync mode = NORMAL, hash = 039372, number = 413379, txs = 3, result = IMPORTED_BEST, time elapsed = 2 ms>
18-06-19 11:41:49.149 INFO  SYNC [sync-ib]: <import-status: node = c33d5a, sync mode = NORMAL, hash = cefb5f, number = 413380, txs = 3, result = IMPORTED_BEST, time elapsed = 2 ms>
18-06-19 11:41:49.151 INFO  SYNC [sync-ib]: <import-status: node = c33d5a, sync mode = NORMAL, hash = 7ef055, number = 413381, txs = 1, result = IMPORTED_BEST, time elapsed = 2 ms>
18-06-19 11:41:49.158 INFO  SYNC [sync-ib]: <import-status: node = c33d5a, sync mode = NORMAL, hash = 029b10, number = 413382, txs = 7, result = IMPORTED_BEST, time elapsed = 7 ms>
18-06-19 11:41:49.159 INFO  SYNC [sync-ib]: <import-status: node = c33d5a, sync mode = NORMAL, hash = ee7dc6, number = 413383, txs = 0, result = IMPORTED_BEST, time elapsed = 1 ms>
18-06-19 11:41:49.162 INFO  SYNC [sync-ib]: <import-status: node = c33d5a, sync mode = NORMAL, hash = 51d393, number = 413384, txs = 3, result = IMPORTED_BEST, time elapsed = 3 ms>
18-06-19 11:41:49.163 INFO  SYNC [sync-ib]: <import-status: node = c33d5a, sync mode = NORMAL, hash = 4a66fc, number = 413385, txs = 0, result = IMPORTED_BEST, time elapsed = 0 ms>
18-06-19 11:41:49.163 INFO  SYNC [sync-ib]: <import-status: node = c33d5a, sync mode = NORMAL, hash = 6cad22, number = 413386, txs = 0, result = IMPORTED_BEST, time elapsed = 0 ms>
18-06-19 11:41:49.164 INFO  SYNC [sync-ib]: <import-status: node = c33d5a, sync mode = NORMAL, hash = ca9808, number = 413387, txs = 0, result = IMPORTED_BEST, time elapsed = 1 ms>
18-06-19 11:41:50.455 INFO  SYNC [sync-ib]: <import-status: node = c33d5a, sync mode = NORMAL, hash = c2f0d1, number = 413388, txs = 2, result = IMPORTED_BEST, time elapsed = 6 ms>
18-06-19 11:41:50.478 INFO  SYNC [sync-ib]: <import-status: node = c33d5a, sync mode = NORMAL, hash = 22ea4b, number = 413389, txs = 9, result = IMPORTED_BEST, time elapsed = 23 ms>
18-06-19 11:41:50.493 INFO  SYNC [sync-ib]: <import-status: node = c33d5a, sync mode = NORMAL, hash = a76f70, number = 413390, txs = 10, result = IMPORTED_BEST, time elapsed = 15 ms>
18-06-19 11:41:50.496 INFO  SYNC [sync-ib]: <import-status: node = c33d5a, sync mode = NORMAL, hash = 9eefcc, number = 413391, txs = 1, result = IMPORTED_BEST, time elapsed = 2 ms>
18-06-19 11:41:50.499 INFO  SYNC [sync-ib]: <import-status: node = c33d5a, sync mode = NORMAL, hash = 33abd7, number = 413392, txs = 3, result = IMPORTED_BEST, time elapsed = 3 ms>
18-06-19 11:41:50.501 INFO  SYNC [sync-ib]: <import-status: node = c33d5a, sync mode = NORMAL, hash = 134a5c, number = 413393, txs = 2, result = IMPORTED_BEST, time elapsed = 2 ms>
18-06-19 11:41:50.510 INFO  SYNC [sync-ib]: <import-status: node = c33d5a, sync mode = NORMAL, hash = cad5fb, number = 413394, txs = 13, result = IMPORTED_BEST, time elapsed = 9 ms>
18-06-19 11:41:50.514 INFO  SYNC [sync-ib]: <import-status: node = c33d5a, sync mode = NORMAL, hash = 3208cc, number = 413395, txs = 3, result = IMPORTED_BEST, time elapsed = 4 ms>
18-06-19 11:41:50.518 INFO  SYNC [sync-ib]: <import-status: node = c33d5a, sync mode = NORMAL, hash = 13a400, number = 413396, txs = 0, result = IMPORTED_BEST, time elapsed = 2 ms>
18-06-19 11:41:50.520 INFO  SYNC [sync-ib]: <import-status: node = c33d5a, sync mode = NORMAL, hash = 4139eb, number = 413397, txs = 1, result = IMPORTED_BEST, time elapsed = 2 ms>
18-06-19 11:41:50.521 INFO  SYNC [sync-ib]: <import-status: node = c33d5a, sync mode = NORMAL, hash = 17d5a1, number = 413398, txs = 0, result = IMPORTED_BEST, time elapsed = 1 ms>
18-06-19 11:41:50.526 INFO  SYNC [sync-ib]: <import-status: node = c33d5a, sync mode = NORMAL, hash = ac5f85, number = 413399, txs = 6, result = IMPORTED_BEST, time elapsed = 5 ms>
18-06-19 11:41:50.527 INFO  SYNC [sync-ib]: <import-status: node = c33d5a, sync mode = NORMAL, hash = bfa005, number = 413400, txs = 0, result = IMPORTED_BEST, time elapsed = 1 ms>
18-06-19 11:41:50.529 INFO  SYNC [sync-ib]: <import-status: node = c33d5a, sync mode = NORMAL, hash = 37200d, number = 413401, txs = 1, result = IMPORTED_BEST, time elapsed = 2 ms>
18-06-19 11:41:50.530 INFO  SYNC [sync-ib]: <import-status: node = c33d5a, sync mode = NORMAL, hash = 74c93a, number = 413402, txs = 0, result = IMPORTED_BEST, time elapsed = 1 ms>
18-06-19 11:41:50.531 INFO  SYNC [sync-ib]: <import-status: node = c33d5a, sync mode = NORMAL, hash = cd7068, number = 413403, txs = 0, result = IMPORTED_BEST, time elapsed = 0 ms>
18-06-19 11:41:50.532 INFO  SYNC [sync-ib]: <import-status: node = c33d5a, sync mode = NORMAL, hash = 769935, number = 413404, txs = 0, result = IMPORTED_BEST, time elapsed = 1 ms>
18-06-19 11:41:50.533 INFO  SYNC [sync-ib]: <import-status: node = c33d5a, sync mode = NORMAL, hash = 0f4eae, number = 413405, txs = 0, result = IMPORTED_BEST, time elapsed = 1 ms>
18-06-19 11:41:50.538 INFO  SYNC [sync-ib]: <import-status: node = c33d5a, sync mode = NORMAL, hash = 1df029, number = 413406, txs = 7, result = IMPORTED_BEST, time elapsed = 5 ms>
18-06-19 11:41:50.545 INFO  SYNC [sync-ib]: <import-status: node = c33d5a, sync mode = NORMAL, hash = 0e716a, number = 413407, txs = 8, result = IMPORTED_BEST, time elapsed = 7 ms>
18-06-19 11:41:51.005 INFO  SYNC [sync-ib]: <import-status: node = c33d10, sync mode = NORMAL, hash = c06df6, number = 413408, txs = 13, result = IMPORTED_BEST, time elapsed = 41 ms>
18-06-19 11:41:51.028 INFO  SYNC [sync-ib]: <import-status: node = c33d10, sync mode = NORMAL, hash = db8dfa, number = 413409, txs = 8, result = IMPORTED_BEST, time elapsed = 22 ms>
18-06-19 11:41:51.037 INFO  SYNC [sync-ib]: <import-status: node = c33d10, sync mode = NORMAL, hash = 3646b7, number = 413410, txs = 3, result = IMPORTED_BEST, time elapsed = 9 ms>
18-06-19 11:41:51.045 INFO  SYNC [sync-ib]: <import-status: node = c33d10, sync mode = NORMAL, hash = d918a8, number = 413411, txs = 4, result = IMPORTED_BEST, time elapsed = 8 ms>
18-06-19 11:41:51.049 INFO  SYNC [sync-ib]: <import-status: node = c33d10, sync mode = NORMAL, hash = 61ee17, number = 413412, txs = 6, result = IMPORTED_BEST, time elapsed = 4 ms>
18-06-19 11:41:51.059 INFO  SYNC [sync-ib]: <import-status: node = c33d10, sync mode = NORMAL, hash = 750f23, number = 413413, txs = 11, result = IMPORTED_BEST, time elapsed = 10 ms>
18-06-19 11:41:51.062 INFO  SYNC [sync-ib]: <import-status: node = c33d10, sync mode = NORMAL, hash = fe7eef, number = 413414, txs = 1, result = IMPORTED_BEST, time elapsed = 3 ms>
18-06-19 11:41:51.068 INFO  SYNC [sync-ib]: <import-status: node = c33d10, sync mode = NORMAL, hash = a4dd2b, number = 413415, txs = 4, result = IMPORTED_BEST, time elapsed = 4 ms>
18-06-19 11:41:51.068 INFO  SYNC [sync-ib]: <import-status: node = c33d10, sync mode = NORMAL, hash = a8f878, number = 413416, txs = 0, result = IMPORTED_BEST, time elapsed = 0 ms>
18-06-19 11:41:51.074 INFO  SYNC [sync-ib]: <import-status: node = c33d10, sync mode = NORMAL, hash = c12737, number = 413417, txs = 2, result = IMPORTED_BEST, time elapsed = 5 ms>
18-06-19 11:41:51.081 INFO  SYNC [sync-ib]: <import-status: node = c33d10, sync mode = NORMAL, hash = 19445c, number = 413418, txs = 9, result = IMPORTED_BEST, time elapsed = 7 ms>
18-06-19 11:41:51.086 INFO  SYNC [sync-ib]: <import-status: node = c33d10, sync mode = NORMAL, hash = a2b255, number = 413419, txs = 8, result = IMPORTED_BEST, time elapsed = 5 ms>
18-06-19 11:41:51.090 INFO  SYNC [sync-ib]: <import-status: node = c33d10, sync mode = NORMAL, hash = de30c7, number = 413420, txs = 7, result = IMPORTED_BEST, time elapsed = 4 ms>
18-06-19 11:41:51.094 INFO  SYNC [sync-ib]: <import-status: node = c33d10, sync mode = NORMAL, hash = d63f02, number = 413421, txs = 4, result = IMPORTED_BEST, time elapsed = 3 ms>
18-06-19 11:41:51.100 INFO  SYNC [sync-ib]: <import-status: node = c33d10, sync mode = NORMAL, hash = 5973ea, number = 413422, txs = 3, result = IMPORTED_BEST, time elapsed = 6 ms>
18-06-19 11:41:51.104 INFO  SYNC [sync-ib]: <import-status: node = c33d10, sync mode = NORMAL, hash = e9ac4d, number = 413423, txs = 3, result = IMPORTED_BEST, time elapsed = 4 ms>
18-06-19 11:41:51.106 INFO  SYNC [sync-ib]: <import-status: node = c33d10, sync mode = NORMAL, hash = 99e1ff, number = 413424, txs = 1, result = IMPORTED_BEST, time elapsed = 1 ms>
18-06-19 11:41:51.109 INFO  SYNC [sync-ib]: <import-status: node = c33d10, sync mode = NORMAL, hash = e2426f, number = 413425, txs = 3, result = IMPORTED_BEST, time elapsed = 3 ms>
18-06-19 11:41:51.113 INFO  SYNC [sync-ib]: <import-status: node = c33d10, sync mode = NORMAL, hash = 99a21b, number = 413426, txs = 4, result = IMPORTED_BEST, time elapsed = 4 ms>
18-06-19 11:41:51.114 INFO  SYNC [sync-ib]: <import-status: node = c33d10, sync mode = NORMAL, hash = 5858e1, number = 413427, txs = 0, result = IMPORTED_BEST, time elapsed = 0 ms>
18-06-19 11:41:51.396 INFO  SYNC [sync-ib]: <import-status: node = c33d10, sync mode = NORMAL, hash = 66f14c, number = 413428, txs = 0, result = IMPORTED_BEST, time elapsed = 1 ms>
18-06-19 11:41:51.397 INFO  SYNC [sync-ib]: <import-status: node = c33d10, sync mode = NORMAL, hash = 904556, number = 413429, txs = 0, result = IMPORTED_BEST, time elapsed = 1 ms>
18-06-19 11:41:51.400 INFO  SYNC [sync-ib]: <import-status: node = c33d10, sync mode = NORMAL, hash = c3b05a, number = 413430, txs = 2, result = IMPORTED_BEST, time elapsed = 3 ms>
18-06-19 11:41:51.401 INFO  SYNC [sync-ib]: <import-status: node = c33d10, sync mode = NORMAL, hash = 615ec1, number = 413431, txs = 0, result = IMPORTED_BEST, time elapsed = 1 ms>
18-06-19 11:41:51.405 INFO  SYNC [sync-ib]: <import-status: node = c33d10, sync mode = NORMAL, hash = 70b9bd, number = 413432, txs = 4, result = IMPORTED_BEST, time elapsed = 4 ms>
18-06-19 11:41:51.412 INFO  SYNC [sync-ib]: <import-status: node = c33d10, sync mode = NORMAL, hash = 8afb19, number = 413433, txs = 6, result = IMPORTED_BEST, time elapsed = 7 ms>
18-06-19 11:41:51.416 INFO  SYNC [sync-ib]: <import-status: node = c33d10, sync mode = NORMAL, hash = d95b88, number = 413434, txs = 4, result = IMPORTED_BEST, time elapsed = 4 ms>
18-06-19 11:41:51.427 INFO  SYNC [sync-ib]: <import-status: node = c33d10, sync mode = NORMAL, hash = 9665d4, number = 413435, txs = 21, result = IMPORTED_BEST, time elapsed = 11 ms>
18-06-19 11:41:51.432 INFO  SYNC [sync-ib]: <import-status: node = c33d10, sync mode = NORMAL, hash = 72fd79, number = 413436, txs = 3, result = IMPORTED_BEST, time elapsed = 4 ms>
18-06-19 11:41:51.442 INFO  SYNC [sync-ib]: <import-status: node = c33d10, sync mode = NORMAL, hash = 995789, number = 413437, txs = 2, result = IMPORTED_BEST, time elapsed = 10 ms>
18-06-19 11:41:51.445 INFO  SYNC [sync-ib]: <import-status: node = c33d10, sync mode = NORMAL, hash = 43a37b, number = 413438, txs = 2, result = IMPORTED_BEST, time elapsed = 2 ms>
18-06-19 11:41:51.448 INFO  SYNC [sync-ib]: <import-status: node = c33d10, sync mode = NORMAL, hash = 8bc810, number = 413439, txs = 1, result = IMPORTED_BEST, time elapsed = 3 ms>
18-06-19 11:41:51.452 INFO  SYNC [sync-ib]: <import-status: node = c33d10, sync mode = NORMAL, hash = 31aeeb, number = 413440, txs = 0, result = IMPORTED_BEST, time elapsed = 4 ms>
18-06-19 11:41:51.454 INFO  SYNC [sync-ib]: <import-status: node = c33d10, sync mode = NORMAL, hash = c849df, number = 413441, txs = 0, result = IMPORTED_BEST, time elapsed = 1 ms>
18-06-19 11:41:51.470 INFO  SYNC [sync-ib]: <import-status: node = c33d10, sync mode = NORMAL, hash = c40e7f, number = 413442, txs = 6, result = IMPORTED_BEST, time elapsed = 15 ms>
18-06-19 11:41:51.471 INFO  SYNC [sync-ib]: <import-status: node = c33d10, sync mode = NORMAL, hash = a60fcb, number = 413443, txs = 0, result = IMPORTED_BEST, time elapsed = 1 ms>
18-06-19 11:41:51.473 INFO  SYNC [sync-ib]: <import-status: node = c33d10, sync mode = NORMAL, hash = 1989df, number = 413444, txs = 1, result = IMPORTED_BEST, time elapsed = 2 ms>
18-06-19 11:41:51.474 INFO  SYNC [sync-ib]: <import-status: node = c33d10, sync mode = NORMAL, hash = 8164e8, number = 413445, txs = 0, result = IMPORTED_BEST, time elapsed = 1 ms>
18-06-19 11:41:51.474 INFO  SYNC [sync-ib]: <import-status: node = c33d10, sync mode = NORMAL, hash = 25bd7a, number = 413446, txs = 0, result = IMPORTED_BEST, time elapsed = 0 ms>
18-06-19 11:41:51.478 DEBUG P2P  [p2p-tcp]: connect-outbound io-exception addr=66.207.217.190:30303 result=null
18-06-19 11:41:51.478 INFO  SYNC [sync-ib]: <import-status: node = c33d10, sync mode = NORMAL, hash = dcfc98, number = 413447, txs = 5, result = IMPORTED_BEST, time elapsed = 3 ms>
18-06-19 11:41:52.494 DEBUG P2P  [p2p-tcp]: success-connect node-id=a684f4 ip=
18-06-19 11:41:52.494 DEBUG P2P  [p2p-tcp]: prepare-request-handshake -> id=a684f4 ip=52.60.180.6
18-06-19 11:41:52.514 DEBUG P2P  [p2p-in]: outbound -> active node-id=a684f4 ip=52.60.180.6
18-06-19 11:41:52.548 INFO  SYNC [p2p-worker-0]: <import-status: node = a684f4, hash = f16cd5, number = 465807, txs = 0, result = NOT_IN_RANGE>
18-06-19 11:41:53.012 INFO  SYNC [sync-ib]: <import-status: node = a684f4, sync mode = NORMAL, hash = d5488b, number = 413448, txs = 5, result = IMPORTED_BEST, time elapsed = 2 ms>
18-06-19 11:41:53.016 INFO  SYNC [sync-ib]: <import-status: node = a684f4, sync mode = NORMAL, hash = 0cce80, number = 413449, txs = 9, result = IMPORTED_BEST, time elapsed = 3 ms>
18-06-19 11:41:53.018 INFO  SYNC [sync-ib]: <import-status: node = a684f4, sync mode = NORMAL, hash = 4677ed, number = 413450, txs = 2, result = IMPORTED_BEST, time elapsed = 2 ms>
18-06-19 11:41:53.024 INFO  SYNC [sync-ib]: <import-status: node = a684f4, sync mode = NORMAL, hash = 7f0481, number = 413451, txs = 11, result = IMPORTED_BEST, time elapsed = 6 ms>
18-06-19 11:41:53.027 INFO  SYNC [sync-ib]: <import-status: node = a684f4, sync mode = NORMAL, hash = 3c724a, number = 413452, txs = 2, result = IMPORTED_BEST, time elapsed = 3 ms>
18-06-19 11:41:53.065 INFO  SYNC [sync-ib]: <import-status: node = a684f4, sync mode = NORMAL, hash = b3cb16, number = 413453, txs = 17, result = IMPORTED_BEST, time elapsed = 37 ms>
18-06-19 11:41:53.246 INFO  SYNC [sync-ib]: <import-status: node = a684f4, sync mode = NORMAL, hash = 46f5f6, number = 413454, txs = 82, result = IMPORTED_BEST, time elapsed = 181 ms>
18-06-19 11:41:53.253 INFO  SYNC [sync-ib]: <import-status: node = a684f4, sync mode = NORMAL, hash = 1b8dee, number = 413455, txs = 2, result = IMPORTED_BEST, time elapsed = 7 ms>
18-06-19 11:41:53.259 INFO  SYNC [sync-ib]: <import-status: node = a684f4, sync mode = NORMAL, hash = 4f23ed, number = 413456, txs = 4, result = IMPORTED_BEST, time elapsed = 6 ms>
18-06-19 11:41:53.264 INFO  SYNC [sync-ib]: <import-status: node = a684f4, sync mode = NORMAL, hash = 8865c2, number = 413457, txs = 7, result = IMPORTED_BEST, time elapsed = 5 ms>
18-06-19 11:41:53.267 INFO  SYNC [sync-ib]: <import-status: node = a684f4, sync mode = NORMAL, hash = 538396, number = 413458, txs = 2, result = IMPORTED_BEST, time elapsed = 3 ms>
18-06-19 11:41:53.271 INFO  SYNC [sync-ib]: <import-status: node = a684f4, sync mode = NORMAL, hash = 943434, number = 413459, txs = 5, result = IMPORTED_BEST, time elapsed = 4 ms>
18-06-19 11:41:53.278 INFO  SYNC [sync-ib]: <import-status: node = a684f4, sync mode = NORMAL, hash = 2933f3, number = 413460, txs = 5, result = IMPORTED_BEST, time elapsed = 6 ms>
18-06-19 11:41:53.281 INFO  SYNC [sync-ib]: <import-status: node = a684f4, sync mode = NORMAL, hash = f68c03, number = 413461, txs = 3, result = IMPORTED_BEST, time elapsed = 3 ms>
18-06-19 11:41:53.289 INFO  SYNC [sync-ib]: <import-status: node = a684f4, sync mode = NORMAL, hash = 6a20f3, number = 413462, txs = 12, result = IMPORTED_BEST, time elapsed = 8 ms>
18-06-19 11:41:53.293 INFO  SYNC [sync-ib]: <import-status: node = a684f4, sync mode = NORMAL, hash = 747f52, number = 413463, txs = 2, result = IMPORTED_BEST, time elapsed = 2 ms>
18-06-19 11:41:53.297 INFO  SYNC [sync-ib]: <import-status: node = a684f4, sync mode = NORMAL, hash = 8acfb2, number = 413464, txs = 3, result = IMPORTED_BEST, time elapsed = 3 ms>
18-06-19 11:41:53.298 INFO  SYNC [sync-ib]: <import-status: node = a684f4, sync mode = NORMAL, hash = 8b2c2c, number = 413465, txs = 0, result = IMPORTED_BEST, time elapsed = 1 ms>
18-06-19 11:41:53.302 INFO  SYNC [sync-ib]: <import-status: node = a684f4, sync mode = NORMAL, hash = b41fe1, number = 413466, txs = 5, result = IMPORTED_BEST, time elapsed = 4 ms>
18-06-19 11:41:53.308 INFO  SYNC [sync-ib]: <import-status: node = a684f4, sync mode = NORMAL, hash = 306e3c, number = 413467, txs = 8, result = IMPORTED_BEST, time elapsed = 6 ms>
18-06-19 11:41:54.884 INFO  P2P  [sync-ss]: sync-status avg-import=15.11 b/s td=2558075685461/3141729064050 b-num=413467/465807 b-hash=306e3c7cfb55559b3bb29b0761449a8f8e6e8570acae94b5ca2b0cb156b4284b/f16cd54dc2baa98c2d11303c3e46c6026faab6c115bb0ac2c7248584a555e958
18-06-19 11:41:54.981 INFO  SYNC [sync-ib]: <import-status: node = a684f4, sync mode = NORMAL, hash = 5a4979, number = 413468, txs = 6, result = IMPORTED_BEST, time elapsed = 8 ms>
18-06-19 11:41:54.986 INFO  SYNC [sync-ib]: <import-status: node = a684f4, sync mode = NORMAL, hash = 99c3ed, number = 413469, txs = 3, result = IMPORTED_BEST, time elapsed = 5 ms>
18-06-19 11:41:54.988 INFO  SYNC [sync-ib]: <import-status: node = a684f4, sync mode = NORMAL, hash = 78adac, number = 413470, txs = 0, result = IMPORTED_BEST, time elapsed = 2 ms>
18-06-19 11:41:54.990 INFO  SYNC [sync-ib]: <import-status: node = a684f4, sync mode = NORMAL, hash = 3bf1bd, number = 413471, txs = 0, result = IMPORTED_BEST, time elapsed = 2 ms>
18-06-19 11:41:54.990 DEBUG P2P  [p2p-ts]: 
======================================================================== p2p-status-c5886b =========================================================================
temp[128] inbound[  0] outbound[  0] active[  6]                                         s - seed node, td - total difficulty, # - block number, bv - binary version

          s               td          #                                                             hash              ip  port     conn              bv           ci
--------------------------------------------------------------------------------------------------------------------------------------------------------------------
id:c33d10 y    3141729064050     465807 f16cd54dc2baa98c2d11303c3e46c6026faab6c115bb0ac2c7248584a555e958   13.92.155.115 30303 outbound   0.2.7.93c7da6   2101379423
id:c33d5a y    3141729064050     465807 f16cd54dc2baa98c2d11303c3e46c6026faab6c115bb0ac2c7248584a555e958   13.89.244.125 30303 outbound  0.2.8.ef5df39c    478270943
id:a684f4 y    3141729064050     465807 f16cd54dc2baa98c2d11303c3e46c6026faab6c115bb0ac2c7248584a555e958     52.60.180.6 30303 outbound   0.2.5.65b2aee   1569954011
id:c33d22 y    3141729064050     465807 f16cd54dc2baa98c2d11303c3e46c6026faab6c115bb0ac2c7248584a555e958   51.144.42.220 30303 outbound   0.2.7.93c7da6   1291279232
id:c33d4c y    3141717528074     465806 9412faa8bcf1cb6fff1d122d43223f406fcd1691ed9418c5abe70aee34c516f3 191.232.164.119 30303 outbound   0.2.7.93c7da6   1692160429
id:c33d30 y    3141717528074     465806 9412faa8bcf1cb6fff1d122d43223f406fcd1691ed9418c5abe70aee34c516f3  52.231.187.227 30303 outbound  0.2.8.ef5df39c    493846032

18-06-19 11:41:54.991 DEBUG P2P  [p2p-ts]: recv queue[0] send queue[0]
18-06-19 11:41:54.995 INFO  SYNC [sync-ib]: <import-status: node = a684f4, sync mode = NORMAL, hash = 37ac4a, number = 413472, txs = 1, result = IMPORTED_BEST, time elapsed = 4 ms>
18-06-19 11:41:54.996 INFO  SYNC [sync-ib]: <import-status: node = a684f4, sync mode = NORMAL, hash = 667a5b, number = 413473, txs = 0, result = IMPORTED_BEST, time elapsed = 1 ms>
18-06-19 11:41:54.997 INFO  SYNC [sync-ib]: <import-status: node = a684f4, sync mode = NORMAL, hash = 7a70ed, number = 413474, txs = 0, result = IMPORTED_BEST, time elapsed = 1 ms>
18-06-19 11:41:54.998 INFO  SYNC [sync-ib]: <import-status: node = a684f4, sync mode = NORMAL, hash = 792868, number = 413475, txs = 0, result = IMPORTED_BEST, time elapsed = 1 ms>
18-06-19 11:41:54.999 DEBUG P2P  [p2p-clear]: average-delay=343ms
18-06-19 11:41:55.000 INFO  SYNC [sync-ib]: <import-status: node = a684f4, sync mode = NORMAL, hash = 22de73, number = 413476, txs = 1, result = IMPORTED_BEST, time elapsed = 2 ms>
18-06-19 11:41:55.003 INFO  SYNC [sync-ib]: <import-status: node = a684f4, sync mode = NORMAL, hash = 9a02de, number = 413477, txs = 6, result = IMPORTED_BEST, time elapsed = 3 ms>
18-06-19 11:41:55.006 INFO  SYNC [sync-ib]: <import-status: node = a684f4, sync mode = NORMAL, hash = 3ded9d, number = 413478, txs = 2, result = IMPORTED_BEST, time elapsed = 2 ms>
18-06-19 11:41:55.010 INFO  SYNC [sync-ib]: <import-status: node = a684f4, sync mode = NORMAL, hash = febb58, number = 413479, txs = 7, result = IMPORTED_BEST, time elapsed = 4 ms>
18-06-19 11:41:55.012 INFO  SYNC [sync-ib]: <import-status: node = a684f4, sync mode = NORMAL, hash = 8ba07e, number = 413480, txs = 3, result = IMPORTED_BEST, time elapsed = 2 ms>
18-06-19 11:41:55.015 INFO  SYNC [sync-ib]: <import-status: node = a684f4, sync mode = NORMAL, hash = 1cbda8, number = 413481, txs = 3, result = IMPORTED_BEST, time elapsed = 3 ms>
18-06-19 11:41:55.017 INFO  SYNC [sync-ib]: <import-status: node = a684f4, sync mode = NORMAL, hash = a32b1d, number = 413482, txs = 1, result = IMPORTED_BEST, time elapsed = 2 ms>
18-06-19 11:41:55.023 INFO  SYNC [sync-ib]: <import-status: node = a684f4, sync mode = NORMAL, hash = 42e725, number = 413483, txs = 2, result = IMPORTED_BEST, time elapsed = 6 ms>
18-06-19 11:41:55.025 INFO  SYNC [sync-ib]: <import-status: node = a684f4, sync mode = NORMAL, hash = 8903d4, number = 413484, txs = 3, result = IMPORTED_BEST, time elapsed = 2 ms>
18-06-19 11:41:55.030 INFO  SYNC [sync-ib]: <import-status: node = a684f4, sync mode = NORMAL, hash = 4781de, number = 413485, txs = 6, result = IMPORTED_BEST, time elapsed = 5 ms>
18-06-19 11:41:55.032 INFO  SYNC [sync-ib]: <import-status: node = a684f4, sync mode = NORMAL, hash = b55670, number = 413486, txs = 1, result = IMPORTED_BEST, time elapsed = 2 ms>
18-06-19 11:41:55.034 INFO  SYNC [sync-ib]: <import-status: node = a684f4, sync mode = NORMAL, hash = 4f1227, number = 413487, txs = 3, result = IMPORTED_BEST, time elapsed = 2 ms>
18-06-19 11:41:55.214 INFO  SYNC [sync-ib]: <import-status: node = a684f4, sync mode = NORMAL, hash = caee38, number = 413488, txs = 7, result = IMPORTED_BEST, time elapsed = 11 ms>
18-06-19 11:41:55.216 INFO  SYNC [sync-ib]: <import-status: node = a684f4, sync mode = NORMAL, hash = d5ec2c, number = 413489, txs = 0, result = IMPORTED_BEST, time elapsed = 2 ms>
18-06-19 11:41:55.219 INFO  SYNC [sync-ib]: <import-status: node = a684f4, sync mode = NORMAL, hash = c89932, number = 413490, txs = 0, result = IMPORTED_BEST, time elapsed = 2 ms>
18-06-19 11:41:55.221 INFO  SYNC [sync-ib]: <import-status: node = a684f4, sync mode = NORMAL, hash = d06295, number = 413491, txs = 0, result = IMPORTED_BEST, time elapsed = 2 ms>
18-06-19 11:41:55.223 INFO  SYNC [sync-ib]: <import-status: node = a684f4, sync mode = NORMAL, hash = a06645, number = 413492, txs = 0, result = IMPORTED_BEST, time elapsed = 2 ms>
18-06-19 11:41:55.225 INFO  SYNC [sync-ib]: <import-status: node = a684f4, sync mode = NORMAL, hash = 27e9d3, number = 413493, txs = 0, result = IMPORTED_BEST, time elapsed = 1 ms>
18-06-19 11:41:55.227 INFO  SYNC [sync-ib]: <import-status: node = a684f4, sync mode = NORMAL, hash = 9217de, number = 413494, txs = 0, result = IMPORTED_BEST, time elapsed = 2 ms>
18-06-19 11:41:55.237 INFO  SYNC [sync-ib]: <import-status: node = a684f4, sync mode = NORMAL, hash = bd8298, number = 413495, txs = 0, result = IMPORTED_BEST, time elapsed = 9 ms>
18-06-19 11:41:55.254 INFO  SYNC [sync-ib]: <import-status: node = a684f4, sync mode = NORMAL, hash = c7cf25, number = 413496, txs = 2, result = IMPORTED_BEST, time elapsed = 17 ms>
18-06-19 11:41:55.265 INFO  SYNC [sync-ib]: <import-status: node = a684f4, sync mode = NORMAL, hash = be7ce5, number = 413497, txs = 3, result = IMPORTED_BEST, time elapsed = 10 ms>
18-06-19 11:41:55.270 INFO  SYNC [sync-ib]: <import-status: node = a684f4, sync mode = NORMAL, hash = c25d20, number = 413498, txs = 1, result = IMPORTED_BEST, time elapsed = 4 ms>
18-06-19 11:41:55.287 INFO  SYNC [sync-ib]: <import-status: node = a684f4, sync mode = NORMAL, hash = dd5765, number = 413499, txs = 15, result = IMPORTED_BEST, time elapsed = 17 ms>
18-06-19 11:41:55.290 INFO  SYNC [sync-ib]: <import-status: node = a684f4, sync mode = NORMAL, hash = f51992, number = 413500, txs = 2, result = IMPORTED_BEST, time elapsed = 3 ms>
18-06-19 11:41:55.291 INFO  SYNC [sync-ib]: <import-status: node = a684f4, sync mode = NORMAL, hash = 1fe5b2, number = 413501, txs = 0, result = IMPORTED_BEST, time elapsed = 1 ms>
18-06-19 11:41:55.293 INFO  SYNC [sync-ib]: <import-status: node = a684f4, sync mode = NORMAL, hash = 03d614, number = 413502, txs = 0, result = IMPORTED_BEST, time elapsed = 0 ms>
18-06-19 11:41:55.293 INFO  SYNC [sync-ib]: <import-status: node = a684f4, sync mode = NORMAL, hash = bb1657, number = 413503, txs = 0, result = IMPORTED_BEST, time elapsed = 0 ms>
18-06-19 11:41:55.294 INFO  SYNC [sync-ib]: <import-status: node = a684f4, sync mode = NORMAL, hash = 277b62, number = 413504, txs = 0, result = IMPORTED_BEST, time elapsed = 0 ms>
18-06-19 11:41:55.295 INFO  SYNC [sync-ib]: <import-status: node = a684f4, sync mode = NORMAL, hash = 7ef829, number = 413505, txs = 0, result = IMPORTED_BEST, time elapsed = 1 ms>
18-06-19 11:41:55.296 INFO  SYNC [sync-ib]: <import-status: node = a684f4, sync mode = NORMAL, hash = 1bc22d, number = 413506, txs = 0, result = IMPORTED_BEST, time elapsed = 1 ms>
18-06-19 11:41:55.298 INFO  SYNC [sync-ib]: <import-status: node = a684f4, sync mode = NORMAL, hash = d144dd, number = 413507, txs = 1, result = IMPORTED_BEST, time elapsed = 2 ms>
18-06-19 11:41:56.506 INFO  GEN  [shutdown]: Starting shutdown process...
18-06-19 11:41:56.508 INFO  GEN  [shutdown]: Shutting down RpcServer
18-06-19 11:41:56.510 INFO  GEN  [shutdown]: Shutdown RpcServer ... Done!
18-06-19 11:41:56.510 INFO  GEN  [shutdown]: Shutting down zmq ProtocolProcessor
18-06-19 11:41:56.511 INFO  API  [shutdown]: zmq-proxy thread shuting down...
18-06-19 11:41:56.511 INFO  API  [shutdown]: waiting zmq-proxy thread shutdown
18-06-19 11:41:56.800 INFO  SYNC [sync-ib]: <import-status: node = c33d10, sync mode = NORMAL, hash = a5006f, number = 413508, txs = 0, result = IMPORTED_BEST, time elapsed = 2 ms>
18-06-19 11:41:56.802 INFO  SYNC [sync-ib]: <import-status: node = c33d10, sync mode = NORMAL, hash = 4fe2f1, number = 413509, txs = 0, result = IMPORTED_BEST, time elapsed = 2 ms>
18-06-19 11:41:56.804 INFO  SYNC [sync-ib]: <import-status: node = c33d10, sync mode = NORMAL, hash = eaed17, number = 413510, txs = 0, result = IMPORTED_BEST, time elapsed = 2 ms>
18-06-19 11:41:56.814 INFO  SYNC [sync-ib]: <import-status: node = c33d10, sync mode = NORMAL, hash = 59b551, number = 413511, txs = 5, result = IMPORTED_BEST, time elapsed = 10 ms>
18-06-19 11:41:56.817 INFO  SYNC [sync-ib]: <import-status: node = c33d10, sync mode = NORMAL, hash = d23028, number = 413512, txs = 0, result = IMPORTED_BEST, time elapsed = 3 ms>
18-06-19 11:41:56.819 INFO  SYNC [sync-ib]: <import-status: node = c33d10, sync mode = NORMAL, hash = 40f4e7, number = 413513, txs = 0, result = IMPORTED_BEST, time elapsed = 2 ms>
18-06-19 11:41:56.822 INFO  SYNC [sync-ib]: <import-status: node = c33d10, sync mode = NORMAL, hash = 4aff12, number = 413514, txs = 0, result = IMPORTED_BEST, time elapsed = 3 ms>
18-06-19 11:41:56.825 INFO  SYNC [sync-ib]: <import-status: node = c33d10, sync mode = NORMAL, hash = dcedce, number = 413515, txs = 2, result = IMPORTED_BEST, time elapsed = 3 ms>
18-06-19 11:41:56.833 INFO  SYNC [sync-ib]: <import-status: node = c33d10, sync mode = NORMAL, hash = 4758be, number = 413516, txs = 9, result = IMPORTED_BEST, time elapsed = 8 ms>
18-06-19 11:41:56.837 INFO  SYNC [sync-ib]: <import-status: node = c33d10, sync mode = NORMAL, hash = a094fe, number = 413517, txs = 4, result = IMPORTED_BEST, time elapsed = 4 ms>
18-06-19 11:41:56.839 INFO  SYNC [sync-ib]: <import-status: node = c33d10, sync mode = NORMAL, hash = 150638, number = 413518, txs = 0, result = IMPORTED_BEST, time elapsed = 1 ms>
18-06-19 11:41:56.840 INFO  SYNC [sync-ib]: <import-status: node = c33d10, sync mode = NORMAL, hash = b6f681, number = 413519, txs = 0, result = IMPORTED_BEST, time elapsed = 1 ms>
18-06-19 11:41:56.841 INFO  SYNC [sync-ib]: <import-status: node = c33d10, sync mode = NORMAL, hash = 2732a9, number = 413520, txs = 0, result = IMPORTED_BEST, time elapsed = 1 ms>
18-06-19 11:41:56.842 INFO  SYNC [sync-ib]: <import-status: node = c33d10, sync mode = NORMAL, hash = 83c820, number = 413521, txs = 0, result = IMPORTED_BEST, time elapsed = 1 ms>
18-06-19 11:41:56.843 INFO  SYNC [sync-ib]: <import-status: node = c33d10, sync mode = NORMAL, hash = 789ef1, number = 413522, txs = 0, result = IMPORTED_BEST, time elapsed = 1 ms>
18-06-19 11:41:56.844 INFO  SYNC [sync-ib]: <import-status: node = c33d10, sync mode = NORMAL, hash = 1d1cce, number = 413523, txs = 0, result = IMPORTED_BEST, time elapsed = 1 ms>
18-06-19 11:41:56.845 INFO  SYNC [sync-ib]: <import-status: node = c33d10, sync mode = NORMAL, hash = a099b7, number = 413524, txs = 0, result = IMPORTED_BEST, time elapsed = 1 ms>
18-06-19 11:41:56.846 INFO  SYNC [sync-ib]: <import-status: node = c33d10, sync mode = NORMAL, hash = 066f0f, number = 413525, txs = 0, result = IMPORTED_BEST, time elapsed = 1 ms>
18-06-19 11:41:56.847 INFO  SYNC [sync-ib]: <import-status: node = c33d10, sync mode = NORMAL, hash = ce520f, number = 413526, txs = 0, result = IMPORTED_BEST, time elapsed = 1 ms>
18-06-19 11:41:56.848 INFO  SYNC [sync-ib]: <import-status: node = c33d10, sync mode = NORMAL, hash = ccd1ff, number = 413527, txs = 0, result = IMPORTED_BEST, time elapsed = 1 ms>
18-06-19 11:41:57.130 DEBUG P2P  [p2p-in]: route-cooldown=259 node=c33d10 count=1
18-06-19 11:41:57.131 DEBUG P2P  [p2p-in]: over-called-route=0-1-3 calls=1 node=c33d10
18-06-19 11:41:57.233 INFO  SYNC [sync-ib]: <import-status: node = c33d10, sync mode = NORMAL, hash = 2e27d7, number = 413528, txs = 0, result = IMPORTED_BEST, time elapsed = 2 ms>
18-06-19 11:41:57.236 INFO  SYNC [sync-ib]: <import-status: node = c33d10, sync mode = NORMAL, hash = 92d0b4, number = 413529, txs = 0, result = IMPORTED_BEST, time elapsed = 2 ms>
18-06-19 11:41:57.239 INFO  SYNC [sync-ib]: <import-status: node = c33d10, sync mode = NORMAL, hash = ab4ddb, number = 413530, txs = 0, result = IMPORTED_BEST, time elapsed = 2 ms>
18-06-19 11:41:57.251 INFO  SYNC [sync-ib]: <import-status: node = c33d10, sync mode = NORMAL, hash = ab312e, number = 413531, txs = 1, result = IMPORTED_BEST, time elapsed = 12 ms>
18-06-19 11:41:57.255 INFO  SYNC [sync-ib]: <import-status: node = c33d10, sync mode = NORMAL, hash = ecc4c4, number = 413532, txs = 0, result = IMPORTED_BEST, time elapsed = 2 ms>
18-06-19 11:41:57.258 INFO  SYNC [sync-ib]: <import-status: node = c33d10, sync mode = NORMAL, hash = c9b169, number = 413533, txs = 0, result = IMPORTED_BEST, time elapsed = 3 ms>
18-06-19 11:41:57.264 INFO  SYNC [sync-ib]: <import-status: node = c33d10, sync mode = NORMAL, hash = 0ce652, number = 413534, txs = 0, result = IMPORTED_BEST, time elapsed = 6 ms>
18-06-19 11:41:57.268 INFO  SYNC [sync-ib]: <import-status: node = c33d10, sync mode = NORMAL, hash = e2ec7e, number = 413535, txs = 1, result = IMPORTED_BEST, time elapsed = 4 ms>
18-06-19 11:41:57.270 INFO  SYNC [sync-ib]: <import-status: node = c33d10, sync mode = NORMAL, hash = 0a21c6, number = 413536, txs = 0, result = IMPORTED_BEST, time elapsed = 1 ms>
18-06-19 11:41:57.272 INFO  SYNC [sync-ib]: <import-status: node = c33d10, sync mode = NORMAL, hash = 2c4263, number = 413537, txs = 0, result = IMPORTED_BEST, time elapsed = 2 ms>
18-06-19 11:41:57.278 INFO  SYNC [sync-ib]: <import-status: node = c33d10, sync mode = NORMAL, hash = a40aa0, number = 413538, txs = 3, result = IMPORTED_BEST, time elapsed = 5 ms>
18-06-19 11:41:57.279 INFO  SYNC [sync-ib]: <import-status: node = c33d10, sync mode = NORMAL, hash = 6d0548, number = 413539, txs = 0, result = IMPORTED_BEST, time elapsed = 1 ms>
18-06-19 11:41:57.280 INFO  SYNC [sync-ib]: <import-status: node = c33d10, sync mode = NORMAL, hash = 83a9e6, number = 413540, txs = 0, result = IMPORTED_BEST, time elapsed = 1 ms>
18-06-19 11:41:57.285 INFO  SYNC [sync-ib]: <import-status: node = c33d10, sync mode = NORMAL, hash = f543c5, number = 413541, txs = 4, result = IMPORTED_BEST, time elapsed = 5 ms>
18-06-19 11:41:57.288 INFO  SYNC [sync-ib]: <import-status: node = c33d10, sync mode = NORMAL, hash = c9bc1f, number = 413542, txs = 2, result = IMPORTED_BEST, time elapsed = 3 ms>
18-06-19 11:41:57.291 INFO  SYNC [sync-ib]: <import-status: node = c33d10, sync mode = NORMAL, hash = ed9ed5, number = 413543, txs = 1, result = IMPORTED_BEST, time elapsed = 3 ms>
18-06-19 11:41:57.296 INFO  SYNC [sync-ib]: <import-status: node = c33d10, sync mode = NORMAL, hash = be67d7, number = 413544, txs = 5, result = IMPORTED_BEST, time elapsed = 5 ms>
18-06-19 11:41:57.302 INFO  SYNC [sync-ib]: <import-status: node = c33d10, sync mode = NORMAL, hash = d608bc, number = 413545, txs = 5, result = IMPORTED_BEST, time elapsed = 5 ms>
18-06-19 11:41:57.303 INFO  SYNC [sync-ib]: <import-status: node = c33d10, sync mode = NORMAL, hash = e598b9, number = 413546, txs = 0, result = IMPORTED_BEST, time elapsed = 1 ms>
18-06-19 11:41:57.304 INFO  SYNC [sync-ib]: <import-status: node = c33d10, sync mode = NORMAL, hash = 608deb, number = 413547, txs = 0, result = IMPORTED_BEST, time elapsed = 1 ms>
18-06-19 11:41:57.613 DEBUG P2P  [p2p-tcp]: connect-outbound io-exception addr=159.89.7.63:30303 result=Connection refused
18-06-19 11:41:58.956 INFO  SYNC [sync-ib]: <import-status: node = c33d10, sync mode = NORMAL, hash = 27b4c0, number = 413548, txs = 0, result = IMPORTED_BEST, time elapsed = 1 ms>
18-06-19 11:41:58.958 INFO  SYNC [sync-ib]: <import-status: node = c33d10, sync mode = NORMAL, hash = 3d8fa0, number = 413549, txs = 1, result = IMPORTED_BEST, time elapsed = 2 ms>
18-06-19 11:41:58.959 INFO  SYNC [sync-ib]: <import-status: node = c33d10, sync mode = NORMAL, hash = f64d08, number = 413550, txs = 0, result = IMPORTED_BEST, time elapsed = 0 ms>
18-06-19 11:41:58.962 INFO  SYNC [sync-ib]: <import-status: node = c33d10, sync mode = NORMAL, hash = b6bb92, number = 413551, txs = 2, result = IMPORTED_BEST, time elapsed = 2 ms>
18-06-19 11:41:58.963 INFO  SYNC [sync-ib]: <import-status: node = c33d10, sync mode = NORMAL, hash = e460d9, number = 413552, txs = 0, result = IMPORTED_BEST, time elapsed = 1 ms>
18-06-19 11:41:58.964 INFO  SYNC [sync-ib]: <import-status: node = c33d10, sync mode = NORMAL, hash = 7b921e, number = 413553, txs = 0, result = IMPORTED_BEST, time elapsed = 1 ms>
18-06-19 11:41:58.965 INFO  SYNC [sync-ib]: <import-status: node = c33d10, sync mode = NORMAL, hash = 02703c, number = 413554, txs = 0, result = IMPORTED_BEST, time elapsed = 1 ms>
18-06-19 11:41:58.966 INFO  SYNC [sync-ib]: <import-status: node = c33d10, sync mode = NORMAL, hash = 2bd5ca, number = 413555, txs = 0, result = IMPORTED_BEST, time elapsed = 1 ms>
18-06-19 11:41:58.969 INFO  SYNC [sync-ib]: <import-status: node = c33d10, sync mode = NORMAL, hash = 8da656, number = 413556, txs = 4, result = IMPORTED_BEST, time elapsed = 3 ms>
18-06-19 11:41:58.970 ERROR SYNC [p2p-worker-1]: <assemble-and-validate-blocks node=a684f4>
18-06-19 11:41:58.972 INFO  SYNC [sync-ib]: <import-status: node = c33d10, sync mode = NORMAL, hash = a3d91b, number = 413557, txs = 5, result = IMPORTED_BEST, time elapsed = 3 ms>
18-06-19 11:41:58.974 INFO  SYNC [sync-ib]: <import-status: node = c33d10, sync mode = NORMAL, hash = 81edec, number = 413558, txs = 1, result = IMPORTED_BEST, time elapsed = 1 ms>
18-06-19 11:41:58.975 INFO  SYNC [sync-ib]: <import-status: node = c33d10, sync mode = NORMAL, hash = 8f9cd4, number = 413559, txs = 2, result = IMPORTED_BEST, time elapsed = 1 ms>
18-06-19 11:41:58.977 INFO  SYNC [sync-ib]: <import-status: node = c33d10, sync mode = NORMAL, hash = 5943ff, number = 413560, txs = 4, result = IMPORTED_BEST, time elapsed = 2 ms>
18-06-19 11:41:58.978 INFO  SYNC [sync-ib]: <import-status: node = c33d10, sync mode = NORMAL, hash = 491414, number = 413561, txs = 0, result = IMPORTED_BEST, time elapsed = 1 ms>
18-06-19 11:41:58.979 INFO  SYNC [sync-ib]: <import-status: node = c33d10, sync mode = NORMAL, hash = c144e9, number = 413562, txs = 0, result = IMPORTED_BEST, time elapsed = 1 ms>
18-06-19 11:41:58.979 INFO  SYNC [sync-ib]: <import-status: node = c33d10, sync mode = NORMAL, hash = 44172e, number = 413563, txs = 0, result = IMPORTED_BEST, time elapsed = 0 ms>
18-06-19 11:41:58.980 INFO  SYNC [sync-ib]: <import-status: node = c33d10, sync mode = NORMAL, hash = de80b1, number = 413564, txs = 0, result = IMPORTED_BEST, time elapsed = 1 ms>
18-06-19 11:41:58.982 INFO  SYNC [sync-ib]: <import-status: node = c33d10, sync mode = NORMAL, hash = 32eabb, number = 413565, txs = 4, result = IMPORTED_BEST, time elapsed = 2 ms>
18-06-19 11:41:58.983 INFO  SYNC [sync-ib]: <import-status: node = c33d10, sync mode = NORMAL, hash = e36d3e, number = 413566, txs = 0, result = IMPORTED_BEST, time elapsed = 1 ms>
18-06-19 11:41:58.986 INFO  SYNC [sync-ib]: <import-status: node = c33d10, sync mode = NORMAL, hash = 692bff, number = 413567, txs = 0, result = IMPORTED_BEST, time elapsed = 1 ms>
18-06-19 11:41:59.165 INFO  API  [zmq-api]: zmq-proxy thread was interrupted.
18-06-19 11:41:59.166 INFO  API  [zmq-api]: ProtocolProcessor.run thread finish.
18-06-19 11:41:59.166 INFO  API  [zmq-api]: Shutting down Sockets...
18-06-19 11:41:59.167 INFO  API  [pool-7-thread-1]: close callbackRun Sockets...
18-06-19 11:41:59.169 ERROR API  [pool-7-thread-4]: ProtocolProcessor workerRun exception!! Context was terminated
18-06-19 11:41:59.169 ERROR API  [pool-7-thread-5]: ProtocolProcessor hbRun exception!! Context was terminated
18-06-19 11:41:59.170 INFO  API  [pool-7-thread-5]: close hbRun Sockets...
18-06-19 11:41:59.170 INFO  API  [pool-7-thread-4]: close workerRun Sockets...
18-06-19 11:41:59.511 INFO  GEN  [shutdown]: Shutdown zmq ProtocolProcessor... Done!
18-06-19 11:41:59.512 INFO  GEN  [shutdown]: Shutting down zmq thread
18-06-19 11:41:59.512 INFO  GEN  [shutdown]: Shutdown zmq thread... Done!
18-06-19 11:41:59.512 INFO  GEN  [shutdown]: Shutting down sealer
18-06-19 11:41:59.512 INFO  GEN  [shutdown]: Shutdown sealer... Done!
18-06-19 11:41:59.512 INFO  GEN  [shutdown]: Shutting down the AionHub...
18-06-19 11:41:59.512 INFO  GEN  [shutdown]: <KERNEL SHUTDOWN SEQUENCE>
18-06-19 11:41:59.515 INFO  SYNC [shutdown]: Stopping thread: sync-gb
18-06-19 11:41:59.516 INFO  SYNC [shutdown]: Stopping thread: sync-ib
18-06-19 11:41:59.516 INFO  SYNC [shutdown]: Stopping thread: sync-gs
18-06-19 11:41:59.517 INFO  SYNC [sync-gs]: <sync-gs shutdown>
18-06-19 11:41:59.517 INFO  SYNC [shutdown]: Stopping thread: sync-ss
18-06-19 11:41:59.517 DEBUG P2P  [sync-ss]: sync-ss shutdown
18-06-19 11:41:59.518 INFO  GEN  [shutdown]: <shutdown-sync-mgr>
18-06-19 11:41:59.519 INFO  P2P  [p2p-in]: p2p-pi shutdown
18-06-19 11:41:59.521 INFO  SYNC [shutdown]: BroadcastTxHandler shutdown!
18-06-19 11:41:59.546 DEBUG P2P  [shutdown]: close-socket reason=p2p-shutdown active node=c33d10 ip=13.92.155.115
18-06-19 11:41:59.547 DEBUG P2P  [shutdown]: close-socket reason=p2p-shutdown active node=c33d5a ip=13.89.244.125
18-06-19 11:41:59.547 DEBUG P2P  [shutdown]: close-socket reason=p2p-shutdown active node=a684f4 ip=52.60.180.6
18-06-19 11:41:59.547 DEBUG P2P  [shutdown]: close-socket reason=p2p-shutdown active node=c33d22 ip=51.144.42.220
18-06-19 11:41:59.547 DEBUG P2P  [shutdown]: close-socket reason=p2p-shutdown active node=c33d4c ip=191.232.164.119
18-06-19 11:41:59.547 DEBUG P2P  [shutdown]: close-socket reason=p2p-shutdown active node=c33d30 ip=52.231.187.227
18-06-19 11:41:59.547 INFO  GEN  [shutdown]: <shutdown-p2p-mgr>
18-06-19 11:41:59.547 INFO  GEN  [shutdown]: TransactionExecThread shutting down...
18-06-19 11:41:59.547 INFO  GEN  [shutdown]: TransactionExecThread waiting termination.
18-06-19 11:41:59.548 INFO  GEN  [shutdown]: TransactionExecThread shutdown... Finished!
18-06-19 11:41:59.548 INFO  GEN  [shutdown]: <shutdown-tx>
18-06-19 11:42:00.130 INFO  API  [pool-7-thread-3]: close eventRun Sockets...
18-06-19 11:42:00.131 INFO  API  [zmq-api]: Shutdown Sockets... Done!
18-06-19 11:42:03.549 INFO  GEN  [shutdown]: <shutdown-pendingState>
18-06-19 11:42:03.550 INFO  GEN  [shutdown]: shutting down consensus...
18-06-19 11:42:03.551 INFO  GEN  [shutdown]: shutdown consensus... Done!
18-06-19 11:42:03.551 INFO  GEN  [shutdown]: shutting down DB...
18-06-19 11:42:03.552 INFO  GEN  [shutdown]: Details data source closed.
18-06-19 11:42:03.558 INFO  GEN  [shutdown]: State database closed.
18-06-19 11:42:03.559 INFO  GEN  [shutdown]: Transaction database closed.
18-06-19 11:42:03.559 INFO  GEN  [shutdown]: Block store closed.
18-06-19 11:42:03.559 INFO  GEN  [shutdown]: txPoolDatabase store closed.
18-06-19 11:42:03.560 INFO  GEN  [shutdown]: pendingTxCacheDatabase store closed.
18-06-19 11:42:03.560 INFO  GEN  [shutdown]: shutdown DB... Done!
18-06-19 11:42:03.560 INFO  GEN  [shutdown]: ---------------------------------------------
18-06-19 11:42:03.560 INFO  GEN  [shutdown]: | Aion kernel graceful shutdown successful! |
18-06-19 11:42:03.560 INFO  GEN  [shutdown]: ---------------------------------------------
